OpenROAD 79a46b62da64bbebc18f06b20c42211046de719a 
This program is licensed under the BSD-3 license. See the LICENSE file for details.
Components of this program may be licensed under more restrictive licenses which must be honored.
[INFO ODB-0222] Reading LEF file: /home/serdar/Desktop/openram_demo/openram_openmpw/openlane/user_project_wrapper/runs/user_project_wrapper/tmp/merged.nom.lef
[INFO ODB-0223]     Created 13 technology layers
[INFO ODB-0224]     Created 25 technology vias
[INFO ODB-0225]     Created 442 library cells
[INFO ODB-0226] Finished LEF file:  /home/serdar/Desktop/openram_demo/openram_openmpw/openlane/user_project_wrapper/runs/user_project_wrapper/tmp/merged.nom.lef
[INFO ODB-0127] Reading DEF file: /home/serdar/Desktop/openram_demo/openram_openmpw/openlane/user_project_wrapper/runs/user_project_wrapper/tmp/floorplan/4-io.def
[INFO ODB-0128] Design: user_project_wrapper
[INFO ODB-0130]     Created 637 pins.
[INFO ODB-0131]     Created 395 components and 3132 component-terminals.
[INFO ODB-0133]     Created 1044 nets and 1397 connections.
[INFO ODB-0134] Finished DEF file: /home/serdar/Desktop/openram_demo/openram_openmpw/openlane/user_project_wrapper/runs/user_project_wrapper/tmp/floorplan/4-io.def
Placing the following macros:
{'SRAM0': ['620000', '400000', 'N'], 'SRAM1': ['1600000', '400000', 'N'], 'SRAM2': ['620000', '1100000', 'N'], 'SRAM3': ['1600000', '1100000', 'N']}
Design name: user_project_wrapper
Placing SRAM0
Placing SRAM1
Placing SRAM2
Placing SRAM3
Successfully placed 4 instances
