
===========================================================================
report_checks -path_delay min (Hold)
============================================================================
Startpoint: la_data_in[65] (input port clocked by wb_clk_i)
Endpoint: _313_ (rising edge-triggered flip-flop clocked by wb_clk_i)
Path Group: wb_clk_i
Path Type: min

Fanout     Cap    Slew   Delay    Time   Description
-----------------------------------------------------------------------------
                          0.00    0.00   clock wb_clk_i (rise edge)
                          0.00    0.00   clock network delay (propagated)
                          4.00    4.00 ^ input external delay
                  0.04    0.02    4.02 ^ la_data_in[65] (in)
     1    0.01                           la_data_in[65] (net)
                  0.04    0.00    4.02 ^ input2/A (sky130_fd_sc_hd__buf_6)
                  0.05    0.10    4.12 ^ input2/X (sky130_fd_sc_hd__buf_6)
     1    0.02                           net2 (net)
                  0.05    0.00    4.12 ^ repeater1157/A (sky130_fd_sc_hd__clkbuf_4)
                  0.07    0.15    4.27 ^ repeater1157/X (sky130_fd_sc_hd__clkbuf_4)
     1    0.02                           net1157 (net)
                  0.07    0.00    4.27 ^ repeater1156/A (sky130_fd_sc_hd__buf_4)
                  0.07    0.14    4.41 ^ repeater1156/X (sky130_fd_sc_hd__buf_4)
     1    0.02                           net1156 (net)
                  0.07    0.00    4.41 ^ repeater1155/A (sky130_fd_sc_hd__buf_6)
                  0.05    0.11    4.52 ^ repeater1155/X (sky130_fd_sc_hd__buf_6)
     1    0.02                           net1155 (net)
                  0.05    0.00    4.52 ^ _311_/A0 (sky130_fd_sc_hd__mux2_2)
                  0.11    0.19    4.71 ^ _311_/X (sky130_fd_sc_hd__mux2_2)
     1    0.02                           _129_ (net)
                  0.11    0.00    4.71 ^ repeater424/A (sky130_fd_sc_hd__clkbuf_4)
                  0.06    0.16    4.87 ^ repeater424/X (sky130_fd_sc_hd__clkbuf_4)
     1    0.02                           net424 (net)
                  0.06    0.00    4.87 ^ repeater423/A (sky130_fd_sc_hd__buf_4)
                  0.03    0.10    4.97 ^ repeater423/X (sky130_fd_sc_hd__buf_4)
     1    0.01                           net423 (net)
                  0.03    0.00    4.97 ^ repeater422/A (sky130_fd_sc_hd__buf_6)
                  0.16    0.17    5.14 ^ repeater422/X (sky130_fd_sc_hd__buf_6)
     1    0.08                           net422 (net)
                  0.17    0.02    5.16 ^ repeater421/A (sky130_fd_sc_hd__buf_6)
                  0.04    0.13    5.29 ^ repeater421/X (sky130_fd_sc_hd__buf_6)
     1    0.01                           net421 (net)
                  0.04    0.00    5.29 ^ _312_/B (sky130_fd_sc_hd__nor2_1)
                  0.02    0.04    5.33 v _312_/Y (sky130_fd_sc_hd__nor2_1)
     1    0.00                           _008_ (net)
                  0.02    0.00    5.33 v repeater225/A (sky130_fd_sc_hd__dlymetal6s2s_1)
                  0.10    0.17    5.50 v repeater225/X (sky130_fd_sc_hd__dlymetal6s2s_1)
     1    0.02                           net225 (net)
                  0.10    0.00    5.50 v _313_/D (sky130_fd_sc_hd__dfxtp_1)
                                  5.50   data arrival time

                          0.00    0.00   clock wb_clk_i (rise edge)
                          0.00    0.00   clock source latency
                  0.03    0.02    0.02 ^ wb_clk_i (in)
     1    0.00                           wb_clk_i (net)
                  0.03    0.00    0.02 ^ _179_/A1 (sky130_fd_sc_hd__mux2_2)
                  0.15    0.24    0.25 ^ _179_/X (sky130_fd_sc_hd__mux2_2)
     1    0.03                           _030_ (net)
                  0.15    0.00    0.26 ^ repeater1/A (sky130_fd_sc_hd__buf_4)
                  0.08    0.18    0.44 ^ repeater1/X (sky130_fd_sc_hd__buf_4)
     1    0.03                           net2013 (net)
                  0.08    0.00    0.45 ^ _180_/A (sky130_fd_sc_hd__buf_1)
                  0.12    0.15    0.60 ^ _180_/X (sky130_fd_sc_hd__buf_1)
     1    0.01                           clk (net)
                  0.12    0.00    0.60 ^ repeater7/A (sky130_fd_sc_hd__buf_2)
                  0.13    0.21    0.80 ^ repeater7/X (sky130_fd_sc_hd__buf_2)
     1    0.03                           net2019 (net)
                  0.13    0.00    0.81 ^ repeater6/A (sky130_fd_sc_hd__buf_4)
                  0.07    0.17    0.98 ^ repeater6/X (sky130_fd_sc_hd__buf_4)
     1    0.02                           net2018 (net)
                  0.07    0.00    0.98 ^ repeater5/A (sky130_fd_sc_hd__buf_6)
                  0.19    0.22    1.20 ^ repeater5/X (sky130_fd_sc_hd__buf_6)
     1    0.10                           net2017 (net)
                  0.19    0.01    1.21 ^ repeater4/A (sky130_fd_sc_hd__clkbuf_16)
                  0.04    0.18    1.39 ^ repeater4/X (sky130_fd_sc_hd__clkbuf_16)
     1    0.02                           net2016 (net)
                  0.04    0.00    1.40 ^ repeater3/A (sky130_fd_sc_hd__buf_6)
                  0.06    0.12    1.51 ^ repeater3/X (sky130_fd_sc_hd__buf_6)
     1    0.03                           net2015 (net)
                  0.06    0.00    1.52 ^ repeater2/A (sky130_fd_sc_hd__buf_12)
                  0.05    0.12    1.64 ^ repeater2/X (sky130_fd_sc_hd__buf_12)
     1    0.03                           net2014 (net)
                  0.05    0.01    1.64 ^ clkbuf_0_clk/A (sky130_fd_sc_hd__clkbuf_16)
                  0.04    0.14    1.78 ^ clkbuf_0_clk/X (sky130_fd_sc_hd__clkbuf_16)
     2    0.02                           clknet_0_clk (net)
                  0.04    0.00    1.78 ^ clkbuf_1_0_0_clk/A (sky130_fd_sc_hd__clkbuf_8)
                  0.04    0.12    1.90 ^ clkbuf_1_0_0_clk/X (sky130_fd_sc_hd__clkbuf_8)
     1    0.01                           clknet_1_0_0_clk (net)
                  0.04    0.00    1.90 ^ clkbuf_1_0_1_clk/A (sky130_fd_sc_hd__clkbuf_8)
                  0.04    0.12    2.03 ^ clkbuf_1_0_1_clk/X (sky130_fd_sc_hd__clkbuf_8)
     1    0.01                           clknet_1_0_1_clk (net)
                  0.04    0.00    2.03 ^ clkbuf_1_0_2_clk/A (sky130_fd_sc_hd__clkbuf_8)
                  0.04    0.12    2.15 ^ clkbuf_1_0_2_clk/X (sky130_fd_sc_hd__clkbuf_8)
     1    0.01                           clknet_1_0_2_clk (net)
                  0.04    0.00    2.15 ^ clkbuf_1_0_3_clk/A (sky130_fd_sc_hd__clkbuf_8)
                  0.06    0.14    2.29 ^ clkbuf_1_0_3_clk/X (sky130_fd_sc_hd__clkbuf_8)
     4    0.03                           clknet_1_0_3_clk (net)
                  0.06    0.00    2.29 ^ repeater13/A (sky130_fd_sc_hd__clkbuf_2)
                  0.12    0.17    2.46 ^ repeater13/X (sky130_fd_sc_hd__clkbuf_2)
     1    0.02                           net2025 (net)
                  0.12    0.00    2.46 ^ repeater12/A (sky130_fd_sc_hd__buf_2)
                  0.11    0.19    2.65 ^ repeater12/X (sky130_fd_sc_hd__buf_2)
     2    0.02                           net2024 (net)
                  0.11    0.00    2.65 ^ _313_/CLK (sky130_fd_sc_hd__dfxtp_1)
                          0.25    2.90   clock uncertainty
                          0.00    2.90   clock reconvergence pessimism
                         -0.06    2.84   library hold time
                                  2.84   data required time
-----------------------------------------------------------------------------
                                  2.84   data required time
                                 -5.50   data arrival time
-----------------------------------------------------------------------------
                                  2.66   slack (MET)


Startpoint: _313_ (rising edge-triggered flip-flop clocked by wb_clk_i)
Endpoint: wbs_ack_o (output port clocked by wb_clk_i)
Path Group: wb_clk_i
Path Type: min

Fanout     Cap    Slew   Delay    Time   Description
-----------------------------------------------------------------------------
                          0.00    0.00   clock wb_clk_i (rise edge)
                          0.00    0.00   clock source latency
                  0.03    0.02    0.02 ^ wb_clk_i (in)
     1    0.00                           wb_clk_i (net)
                  0.03    0.00    0.02 ^ _179_/A1 (sky130_fd_sc_hd__mux2_2)
                  0.15    0.21    0.23 ^ _179_/X (sky130_fd_sc_hd__mux2_2)
     1    0.03                           _030_ (net)
                  0.15    0.00    0.23 ^ repeater1/A (sky130_fd_sc_hd__buf_4)
                  0.08    0.17    0.40 ^ repeater1/X (sky130_fd_sc_hd__buf_4)
     1    0.03                           net2013 (net)
                  0.08    0.00    0.40 ^ _180_/A (sky130_fd_sc_hd__buf_1)
                  0.12    0.14    0.54 ^ _180_/X (sky130_fd_sc_hd__buf_1)
     1    0.01                           clk (net)
                  0.12    0.00    0.54 ^ repeater7/A (sky130_fd_sc_hd__buf_2)
                  0.13    0.19    0.73 ^ repeater7/X (sky130_fd_sc_hd__buf_2)
     1    0.03                           net2019 (net)
                  0.13    0.00    0.73 ^ repeater6/A (sky130_fd_sc_hd__buf_4)
                  0.07    0.15    0.88 ^ repeater6/X (sky130_fd_sc_hd__buf_4)
     1    0.02                           net2018 (net)
                  0.07    0.00    0.88 ^ repeater5/A (sky130_fd_sc_hd__buf_6)
                  0.19    0.20    1.09 ^ repeater5/X (sky130_fd_sc_hd__buf_6)
     1    0.10                           net2017 (net)
                  0.19    0.01    1.10 ^ repeater4/A (sky130_fd_sc_hd__clkbuf_16)
                  0.04    0.17    1.26 ^ repeater4/X (sky130_fd_sc_hd__clkbuf_16)
     1    0.02                           net2016 (net)
                  0.04    0.00    1.26 ^ repeater3/A (sky130_fd_sc_hd__buf_6)
                  0.06    0.11    1.37 ^ repeater3/X (sky130_fd_sc_hd__buf_6)
     1    0.03                           net2015 (net)
                  0.06    0.00    1.37 ^ repeater2/A (sky130_fd_sc_hd__buf_12)
                  0.05    0.11    1.48 ^ repeater2/X (sky130_fd_sc_hd__buf_12)
     1    0.03                           net2014 (net)
                  0.05    0.01    1.49 ^ clkbuf_0_clk/A (sky130_fd_sc_hd__clkbuf_16)
                  0.04    0.12    1.61 ^ clkbuf_0_clk/X (sky130_fd_sc_hd__clkbuf_16)
     2    0.02                           clknet_0_clk (net)
                  0.04    0.00    1.61 ^ clkbuf_1_0_0_clk/A (sky130_fd_sc_hd__clkbuf_8)
                  0.04    0.11    1.72 ^ clkbuf_1_0_0_clk/X (sky130_fd_sc_hd__clkbuf_8)
     1    0.01                           clknet_1_0_0_clk (net)
                  0.04    0.00    1.72 ^ clkbuf_1_0_1_clk/A (sky130_fd_sc_hd__clkbuf_8)
                  0.04    0.11    1.83 ^ clkbuf_1_0_1_clk/X (sky130_fd_sc_hd__clkbuf_8)
     1    0.01                           clknet_1_0_1_clk (net)
                  0.04    0.00    1.83 ^ clkbuf_1_0_2_clk/A (sky130_fd_sc_hd__clkbuf_8)
                  0.04    0.11    1.94 ^ clkbuf_1_0_2_clk/X (sky130_fd_sc_hd__clkbuf_8)
     1    0.01                           clknet_1_0_2_clk (net)
                  0.04    0.00    1.94 ^ clkbuf_1_0_3_clk/A (sky130_fd_sc_hd__clkbuf_8)
                  0.06    0.13    2.07 ^ clkbuf_1_0_3_clk/X (sky130_fd_sc_hd__clkbuf_8)
     4    0.03                           clknet_1_0_3_clk (net)
                  0.06    0.00    2.07 ^ repeater13/A (sky130_fd_sc_hd__clkbuf_2)
                  0.12    0.15    2.23 ^ repeater13/X (sky130_fd_sc_hd__clkbuf_2)
     1    0.02                           net2025 (net)
                  0.12    0.00    2.23 ^ repeater12/A (sky130_fd_sc_hd__buf_2)
                  0.11    0.17    2.40 ^ repeater12/X (sky130_fd_sc_hd__buf_2)
     2    0.02                           net2024 (net)
                  0.11    0.00    2.40 ^ _313_/CLK (sky130_fd_sc_hd__dfxtp_1)
                  0.06    0.32    2.72 ^ _313_/Q (sky130_fd_sc_hd__dfxtp_1)
     1    0.01                           net116 (net)
                  0.06    0.00    2.72 ^ repeater414/A (sky130_fd_sc_hd__dlymetal6s2s_1)
                  0.14    0.15    2.87 ^ repeater414/X (sky130_fd_sc_hd__dlymetal6s2s_1)
     1    0.01                           net414 (net)
                  0.14    0.00    2.87 ^ repeater413/A (sky130_fd_sc_hd__clkbuf_4)
                  0.12    0.21    3.08 ^ repeater413/X (sky130_fd_sc_hd__clkbuf_4)
     1    0.04                           net413 (net)
                  0.12    0.01    3.09 ^ repeater412/A (sky130_fd_sc_hd__buf_4)
                  0.05    0.14    3.23 ^ repeater412/X (sky130_fd_sc_hd__buf_4)
     1    0.01                           net412 (net)
                  0.05    0.00    3.23 ^ repeater411/A (sky130_fd_sc_hd__buf_6)
                  0.04    0.10    3.32 ^ repeater411/X (sky130_fd_sc_hd__buf_6)
     1    0.02                           net411 (net)
                  0.04    0.00    3.32 ^ repeater410/A (sky130_fd_sc_hd__buf_6)
                  0.05    0.10    3.42 ^ repeater410/X (sky130_fd_sc_hd__buf_6)
     1    0.02                           net410 (net)
                  0.05    0.00    3.43 ^ repeater409/A (sky130_fd_sc_hd__buf_6)
                  0.05    0.10    3.53 ^ repeater409/X (sky130_fd_sc_hd__buf_6)
     1    0.02                           net409 (net)
                  0.05    0.00    3.53 ^ repeater408/A (sky130_fd_sc_hd__buf_4)
                  0.06    0.12    3.65 ^ repeater408/X (sky130_fd_sc_hd__buf_4)
     1    0.02                           net408 (net)
                  0.06    0.00    3.65 ^ repeater407/A (sky130_fd_sc_hd__buf_4)
                  0.06    0.12    3.77 ^ repeater407/X (sky130_fd_sc_hd__buf_4)
     1    0.02                           net407 (net)
                  0.06    0.00    3.78 ^ repeater406/A (sky130_fd_sc_hd__buf_4)
                  0.06    0.13    3.90 ^ repeater406/X (sky130_fd_sc_hd__buf_4)
     2    0.02                           net406 (net)
                  0.06    0.00    3.90 ^ output116/A (sky130_fd_sc_hd__clkbuf_4)
                  0.12    0.19    4.09 ^ output116/X (sky130_fd_sc_hd__clkbuf_4)
     1    0.03                           wbs_ack_o (net)
                  0.12    0.00    4.09 ^ wbs_ack_o (out)
                                  4.09   data arrival time

                          0.00    0.00   clock wb_clk_i (rise edge)
                          0.00    0.00   clock network delay (propagated)
                          0.25    0.25   clock uncertainty
                          0.00    0.25   clock reconvergence pessimism
                         -4.00   -3.75   output external delay
                                 -3.75   data required time
-----------------------------------------------------------------------------
                                 -3.75   data required time
                                 -4.09   data arrival time
-----------------------------------------------------------------------------
                                  7.84   slack (MET)


Startpoint: wbs_dat_i[26] (input port clocked by wb_clk_i)
Endpoint: la_data_out[58] (output port clocked by wb_clk_i)
Path Group: wb_clk_i
Path Type: min

Fanout     Cap    Slew   Delay    Time   Description
-----------------------------------------------------------------------------
                          0.00    0.00   clock wb_clk_i (rise edge)
                          0.00    0.00   clock network delay (propagated)
                          4.00    4.00 ^ input external delay
                  0.03    0.02    4.02 ^ wbs_dat_i[26] (in)
     1    0.01                           wbs_dat_i[26] (net)
                  0.03    0.00    4.02 ^ input36/A (sky130_fd_sc_hd__buf_4)
                  0.07    0.12    4.14 ^ input36/X (sky130_fd_sc_hd__buf_4)
     2    0.02                           net36 (net)
                  0.07    0.00    4.14 ^ repeater815/A (sky130_fd_sc_hd__clkbuf_4)
                  0.07    0.15    4.29 ^ repeater815/X (sky130_fd_sc_hd__clkbuf_4)
     1    0.02                           net815 (net)
                  0.07    0.00    4.29 ^ repeater814/A (sky130_fd_sc_hd__buf_4)
                  0.07    0.13    4.43 ^ repeater814/X (sky130_fd_sc_hd__buf_4)
     1    0.02                           net814 (net)
                  0.07    0.00    4.43 ^ repeater813/A (sky130_fd_sc_hd__buf_6)
                  0.05    0.11    4.54 ^ repeater813/X (sky130_fd_sc_hd__buf_6)
     1    0.02                           net813 (net)
                  0.05    0.00    4.54 ^ repeater812/A (sky130_fd_sc_hd__buf_6)
                  0.05    0.11    4.65 ^ repeater812/X (sky130_fd_sc_hd__buf_6)
     1    0.02                           net812 (net)
                  0.05    0.00    4.65 ^ repeater811/A (sky130_fd_sc_hd__buf_6)
                  0.05    0.10    4.75 ^ repeater811/X (sky130_fd_sc_hd__buf_6)
     1    0.02                           net811 (net)
                  0.05    0.00    4.75 ^ repeater810/A (sky130_fd_sc_hd__buf_4)
                  0.06    0.12    4.87 ^ repeater810/X (sky130_fd_sc_hd__buf_4)
     2    0.02                           net810 (net)
                  0.06    0.00    4.88 ^ _503_/A (sky130_fd_sc_hd__dlymetal6s2s_1)
                  0.07    0.11    4.98 ^ _503_/X (sky130_fd_sc_hd__dlymetal6s2s_1)
     1    0.00                           net105 (net)
                  0.07    0.00    4.98 ^ output105/A (sky130_fd_sc_hd__clkbuf_4)
                  0.12    0.19    5.17 ^ output105/X (sky130_fd_sc_hd__clkbuf_4)
     1    0.03                           la_data_out[58] (net)
                  0.12    0.00    5.17 ^ la_data_out[58] (out)
                                  5.17   data arrival time

                          0.00    0.00   clock wb_clk_i (rise edge)
                          0.00    0.00   clock network delay (propagated)
                          0.25    0.25   clock uncertainty
                          0.00    0.25   clock reconvergence pessimism
                         -4.00   -3.75   output external delay
                                 -3.75   data required time
-----------------------------------------------------------------------------
                                 -3.75   data required time
                                 -5.17   data arrival time
-----------------------------------------------------------------------------
                                  8.92   slack (MET)


Startpoint: wbs_dat_i[10] (input port clocked by wb_clk_i)
Endpoint: la_data_out[42] (output port clocked by wb_clk_i)
Path Group: wb_clk_i
Path Type: min

Fanout     Cap    Slew   Delay    Time   Description
-----------------------------------------------------------------------------
                          0.00    0.00   clock wb_clk_i (rise edge)
                          0.00    0.00   clock network delay (propagated)
                          4.00    4.00 ^ input external delay
                  0.03    0.02    4.02 ^ wbs_dat_i[10] (in)
     1    0.00                           wbs_dat_i[10] (net)
                  0.03    0.00    4.02 ^ input19/A (sky130_fd_sc_hd__buf_4)
                  0.06    0.12    4.13 ^ input19/X (sky130_fd_sc_hd__buf_4)
     2    0.02                           net19 (net)
                  0.06    0.00    4.13 ^ repeater1178/A (sky130_fd_sc_hd__clkbuf_4)
                  0.07    0.15    4.29 ^ repeater1178/X (sky130_fd_sc_hd__clkbuf_4)
     1    0.02                           net1178 (net)
                  0.07    0.00    4.29 ^ repeater1177/A (sky130_fd_sc_hd__buf_4)
                  0.07    0.14    4.43 ^ repeater1177/X (sky130_fd_sc_hd__buf_4)
     1    0.02                           net1177 (net)
                  0.07    0.00    4.43 ^ repeater1176/A (sky130_fd_sc_hd__buf_6)
                  0.05    0.11    4.54 ^ repeater1176/X (sky130_fd_sc_hd__buf_6)
     1    0.02                           net1176 (net)
                  0.05    0.00    4.54 ^ repeater1175/A (sky130_fd_sc_hd__buf_6)
                  0.05    0.11    4.65 ^ repeater1175/X (sky130_fd_sc_hd__buf_6)
     1    0.02                           net1175 (net)
                  0.05    0.00    4.65 ^ repeater1174/A (sky130_fd_sc_hd__buf_6)
                  0.05    0.10    4.75 ^ repeater1174/X (sky130_fd_sc_hd__buf_6)
     1    0.02                           net1174 (net)
                  0.05    0.00    4.75 ^ repeater1173/A (sky130_fd_sc_hd__buf_4)
                  0.07    0.12    4.88 ^ repeater1173/X (sky130_fd_sc_hd__buf_4)
     2    0.02                           net1173 (net)
                  0.07    0.00    4.88 ^ _487_/A (sky130_fd_sc_hd__dlymetal6s2s_1)
                  0.07    0.11    4.99 ^ _487_/X (sky130_fd_sc_hd__dlymetal6s2s_1)
     1    0.00                           net88 (net)
                  0.07    0.00    4.99 ^ output88/A (sky130_fd_sc_hd__clkbuf_4)
                  0.12    0.19    5.17 ^ output88/X (sky130_fd_sc_hd__clkbuf_4)
     1    0.03                           la_data_out[42] (net)
                  0.12    0.00    5.17 ^ la_data_out[42] (out)
                                  5.17   data arrival time

                          0.00    0.00   clock wb_clk_i (rise edge)
                          0.00    0.00   clock network delay (propagated)
                          0.25    0.25   clock uncertainty
                          0.00    0.25   clock reconvergence pessimism
                         -4.00   -3.75   output external delay
                                 -3.75   data required time
-----------------------------------------------------------------------------
                                 -3.75   data required time
                                 -5.17   data arrival time
-----------------------------------------------------------------------------
                                  8.92   slack (MET)


Startpoint: wbs_dat_i[20] (input port clocked by wb_clk_i)
Endpoint: la_data_out[52] (output port clocked by wb_clk_i)
Path Group: wb_clk_i
Path Type: min

Fanout     Cap    Slew   Delay    Time   Description
-----------------------------------------------------------------------------
                          0.00    0.00   clock wb_clk_i (rise edge)
                          0.00    0.00   clock network delay (propagated)
                          4.00    4.00 ^ input external delay
                  0.03    0.02    4.02 ^ wbs_dat_i[20] (in)
     1    0.00                           wbs_dat_i[20] (net)
                  0.03    0.00    4.02 ^ input30/A (sky130_fd_sc_hd__buf_4)
                  0.06    0.11    4.13 ^ input30/X (sky130_fd_sc_hd__buf_4)
     2    0.02                           net30 (net)
                  0.06    0.00    4.13 ^ repeater935/A (sky130_fd_sc_hd__dlymetal6s2s_1)
                  0.20    0.20    4.32 ^ repeater935/X (sky130_fd_sc_hd__dlymetal6s2s_1)
     1    0.02                           net935 (net)
                  0.20    0.00    4.32 ^ repeater934/A (sky130_fd_sc_hd__clkbuf_4)
                  0.07    0.20    4.52 ^ repeater934/X (sky130_fd_sc_hd__clkbuf_4)
     1    0.02                           net934 (net)
                  0.07    0.00    4.52 ^ repeater933/A (sky130_fd_sc_hd__buf_4)
                  0.07    0.13    4.66 ^ repeater933/X (sky130_fd_sc_hd__buf_4)
     1    0.02                           net933 (net)
                  0.07    0.00    4.66 ^ repeater932/A (sky130_fd_sc_hd__buf_6)
                  0.05    0.11    4.77 ^ repeater932/X (sky130_fd_sc_hd__buf_6)
     1    0.02                           net932 (net)
                  0.05    0.00    4.77 ^ repeater931/A (sky130_fd_sc_hd__buf_6)
                  0.05    0.10    4.88 ^ repeater931/X (sky130_fd_sc_hd__buf_6)
     1    0.02                           net931 (net)
                  0.05    0.00    4.88 ^ repeater930/A (sky130_fd_sc_hd__buf_6)
                  0.05    0.10    4.98 ^ repeater930/X (sky130_fd_sc_hd__buf_6)
     2    0.02                           net930 (net)
                  0.05    0.00    4.98 ^ _497_/A (sky130_fd_sc_hd__dlymetal6s2s_1)
                  0.06    0.10    5.08 ^ _497_/X (sky130_fd_sc_hd__dlymetal6s2s_1)
     1    0.00                           net99 (net)
                  0.06    0.00    5.08 ^ output99/A (sky130_fd_sc_hd__clkbuf_4)
                  0.12    0.19    5.26 ^ output99/X (sky130_fd_sc_hd__clkbuf_4)
     1    0.03                           la_data_out[52] (net)
                  0.12    0.00    5.27 ^ la_data_out[52] (out)
                                  5.27   data arrival time

                          0.00    0.00   clock wb_clk_i (rise edge)
                          0.00    0.00   clock network delay (propagated)
                          0.25    0.25   clock uncertainty
                          0.00    0.25   clock reconvergence pessimism
                         -4.00   -3.75   output external delay
                                 -3.75   data required time
-----------------------------------------------------------------------------
                                 -3.75   data required time
                                 -5.27   data arrival time
-----------------------------------------------------------------------------
                                  9.02   slack (MET)


