
===========================================================================
report_checks -path_delay max (Setup)
============================================================================
Startpoint: wbs_adr_i[11] (input port clocked by wb_clk_i)
Endpoint: wbs_dat_o[19] (output port clocked by wb_clk_i)
Path Group: wb_clk_i
Path Type: max

Fanout     Cap    Slew   Delay    Time   Description
-----------------------------------------------------------------------------
                          0.00    0.00   clock wb_clk_i (rise edge)
                          0.00    0.00   clock network delay (propagated)
                          4.00    4.00 v input external delay
                  0.01    0.01    4.01 v wbs_adr_i[11] (in)
     1    0.00                           wbs_adr_i[11] (net)
                  0.01    0.00    4.01 v input7/A (sky130_fd_sc_hd__dlymetal6s2s_1)
                  0.04    0.13    4.14 v input7/X (sky130_fd_sc_hd__dlymetal6s2s_1)
     1    0.00                           net7 (net)
                  0.04    0.00    4.14 v repeater562/A (sky130_fd_sc_hd__dlymetal6s2s_1)
                  0.10    0.20    4.34 v repeater562/X (sky130_fd_sc_hd__dlymetal6s2s_1)
     1    0.02                           net562 (net)
                  0.10    0.00    4.34 v repeater561/A (sky130_fd_sc_hd__clkbuf_4)
                  0.05    0.19    4.53 v repeater561/X (sky130_fd_sc_hd__clkbuf_4)
     1    0.02                           net561 (net)
                  0.05    0.00    4.53 v repeater560/A (sky130_fd_sc_hd__buf_4)
                  0.04    0.16    4.70 v repeater560/X (sky130_fd_sc_hd__buf_4)
     1    0.02                           net560 (net)
                  0.04    0.00    4.70 v repeater559/A (sky130_fd_sc_hd__buf_6)
                  0.03    0.13    4.83 v repeater559/X (sky130_fd_sc_hd__buf_6)
     1    0.02                           net559 (net)
                  0.03    0.00    4.83 v repeater558/A (sky130_fd_sc_hd__buf_6)
                  0.03    0.12    4.95 v repeater558/X (sky130_fd_sc_hd__buf_6)
     1    0.01                           net558 (net)
                  0.03    0.00    4.95 v repeater557/A (sky130_fd_sc_hd__buf_6)
                  0.03    0.11    5.07 v repeater557/X (sky130_fd_sc_hd__buf_6)
     1    0.01                           net557 (net)
                  0.03    0.00    5.07 v repeater556/A (sky130_fd_sc_hd__buf_4)
                  0.07    0.17    5.24 v repeater556/X (sky130_fd_sc_hd__buf_4)
     1    0.04                           net556 (net)
                  0.07    0.01    5.25 v repeater555/A (sky130_fd_sc_hd__buf_4)
                  0.04    0.16    5.41 v repeater555/X (sky130_fd_sc_hd__buf_4)
     2    0.01                           net555 (net)
                  0.04    0.00    5.41 v repeater554/A (sky130_fd_sc_hd__dlymetal6s2s_1)
                  0.10    0.20    5.60 v repeater554/X (sky130_fd_sc_hd__dlymetal6s2s_1)
     4    0.02                           net554 (net)
                  0.10    0.00    5.61 v _159_/A (sky130_fd_sc_hd__inv_2)
                  0.05    0.08    5.69 ^ _159_/Y (sky130_fd_sc_hd__inv_2)
     2    0.01                           _016_ (net)
                  0.05    0.00    5.69 ^ _160_/A (sky130_fd_sc_hd__buf_6)
                  0.03    0.09    5.78 ^ _160_/X (sky130_fd_sc_hd__buf_6)
     1    0.01                           _017_ (net)
                  0.03    0.00    5.79 ^ repeater506/A (sky130_fd_sc_hd__clkdlybuf4s15_2)
                  0.12    0.25    6.04 ^ repeater506/X (sky130_fd_sc_hd__clkdlybuf4s15_2)
     2    0.02                           net506 (net)
                  0.12    0.00    6.04 ^ repeater505/A (sky130_fd_sc_hd__clkbuf_4)
                  0.05    0.17    6.21 ^ repeater505/X (sky130_fd_sc_hd__clkbuf_4)
     2    0.01                           net505 (net)
                  0.05    0.00    6.21 ^ repeater504/A (sky130_fd_sc_hd__clkbuf_4)
                  0.24    0.28    6.49 ^ repeater504/X (sky130_fd_sc_hd__clkbuf_4)
     1    0.08                           net504 (net)
                  0.25    0.04    6.53 ^ repeater503/A (sky130_fd_sc_hd__buf_4)
                  0.05    0.19    6.71 ^ repeater503/X (sky130_fd_sc_hd__buf_4)
     3    0.01                           net503 (net)
                  0.05    0.00    6.71 ^ _260_/A (sky130_fd_sc_hd__dlymetal6s2s_1)
                  0.20    0.21    6.92 ^ _260_/X (sky130_fd_sc_hd__dlymetal6s2s_1)
     5    0.02                           _092_ (net)
                  0.20    0.00    6.92 ^ _264_/A1 (sky130_fd_sc_hd__a22o_1)
                  0.05    0.18    7.10 ^ _264_/X (sky130_fd_sc_hd__a22o_1)
     1    0.00                           _095_ (net)
                  0.05    0.00    7.10 ^ repeater431/A (sky130_fd_sc_hd__clkdlybuf4s15_2)
                  0.49    0.51    7.62 ^ repeater431/X (sky130_fd_sc_hd__clkdlybuf4s15_2)
     2    0.09                           net431 (net)
                  0.50    0.05    7.66 ^ repeater430/A (sky130_fd_sc_hd__buf_4)
                  0.05    0.22    7.88 ^ repeater430/X (sky130_fd_sc_hd__buf_4)
     1    0.01                           net430 (net)
                  0.05    0.00    7.88 ^ repeater429/A (sky130_fd_sc_hd__buf_4)
                  0.06    0.13    8.01 ^ repeater429/X (sky130_fd_sc_hd__buf_4)
     1    0.02                           net429 (net)
                  0.06    0.00    8.01 ^ _265_/B2 (sky130_fd_sc_hd__o22a_1)
                  0.04    0.12    8.13 ^ _265_/X (sky130_fd_sc_hd__o22a_1)
     1    0.00                           net62 (net)
                  0.04    0.00    8.13 ^ repeater208/A (sky130_fd_sc_hd__dlymetal6s2s_1)
                  0.96    0.75    8.88 ^ repeater208/X (sky130_fd_sc_hd__dlymetal6s2s_1)
     9    0.10                           net208 (net)
                  0.96    0.05    8.93 ^ repeater207/A (sky130_fd_sc_hd__clkbuf_4)
                  0.06    0.31    9.24 ^ repeater207/X (sky130_fd_sc_hd__clkbuf_4)
     1    0.00                           net207 (net)
                  0.06    0.00    9.24 ^ repeater206/A (sky130_fd_sc_hd__buf_4)
                  0.06    0.14    9.38 ^ repeater206/X (sky130_fd_sc_hd__buf_4)
     1    0.02                           net206 (net)
                  0.06    0.00    9.38 ^ repeater205/A (sky130_fd_sc_hd__buf_6)
                  0.05    0.12    9.50 ^ repeater205/X (sky130_fd_sc_hd__buf_6)
     1    0.02                           net205 (net)
                  0.05    0.00    9.50 ^ repeater204/A (sky130_fd_sc_hd__buf_6)
                  0.06    0.12    9.62 ^ repeater204/X (sky130_fd_sc_hd__buf_6)
     3    0.02                           net204 (net)
                  0.06    0.00    9.62 ^ _528_/A (sky130_fd_sc_hd__dlymetal6s2s_1)
                  0.07    0.12    9.74 ^ _528_/X (sky130_fd_sc_hd__dlymetal6s2s_1)
     1    0.00                           net127 (net)
                  0.07    0.00    9.74 ^ repeater150/A (sky130_fd_sc_hd__dlymetal6s2s_1)
                  0.21    0.22    9.96 ^ repeater150/X (sky130_fd_sc_hd__dlymetal6s2s_1)
     1    0.02                           net150 (net)
                  0.21    0.00    9.96 ^ repeater149/A (sky130_fd_sc_hd__clkbuf_4)
                  0.07    0.22   10.18 ^ repeater149/X (sky130_fd_sc_hd__clkbuf_4)
     1    0.02                           net149 (net)
                  0.07    0.00   10.19 ^ output127/A (sky130_fd_sc_hd__clkbuf_4)
                  0.12    0.21   10.39 ^ output127/X (sky130_fd_sc_hd__clkbuf_4)
     1    0.03                           wbs_dat_o[19] (net)
                  0.12    0.00   10.40 ^ wbs_dat_o[19] (out)
                                 10.40   data arrival time

                         20.00   20.00   clock wb_clk_i (rise edge)
                          0.00   20.00   clock network delay (propagated)
                         -0.25   19.75   clock uncertainty
                          0.00   19.75   clock reconvergence pessimism
                         -4.00   15.75   output external delay
                                 15.75   data required time
-----------------------------------------------------------------------------
                                 15.75   data required time
                                -10.40   data arrival time
-----------------------------------------------------------------------------
                                  5.35   slack (MET)


Startpoint: wbs_adr_i[11] (input port clocked by wb_clk_i)
Endpoint: wbs_dat_o[18] (output port clocked by wb_clk_i)
Path Group: wb_clk_i
Path Type: max

Fanout     Cap    Slew   Delay    Time   Description
-----------------------------------------------------------------------------
                          0.00    0.00   clock wb_clk_i (rise edge)
                          0.00    0.00   clock network delay (propagated)
                          4.00    4.00 v input external delay
                  0.01    0.01    4.01 v wbs_adr_i[11] (in)
     1    0.00                           wbs_adr_i[11] (net)
                  0.01    0.00    4.01 v input7/A (sky130_fd_sc_hd__dlymetal6s2s_1)
                  0.04    0.13    4.14 v input7/X (sky130_fd_sc_hd__dlymetal6s2s_1)
     1    0.00                           net7 (net)
                  0.04    0.00    4.14 v repeater562/A (sky130_fd_sc_hd__dlymetal6s2s_1)
                  0.10    0.20    4.34 v repeater562/X (sky130_fd_sc_hd__dlymetal6s2s_1)
     1    0.02                           net562 (net)
                  0.10    0.00    4.34 v repeater561/A (sky130_fd_sc_hd__clkbuf_4)
                  0.05    0.19    4.53 v repeater561/X (sky130_fd_sc_hd__clkbuf_4)
     1    0.02                           net561 (net)
                  0.05    0.00    4.53 v repeater560/A (sky130_fd_sc_hd__buf_4)
                  0.04    0.16    4.70 v repeater560/X (sky130_fd_sc_hd__buf_4)
     1    0.02                           net560 (net)
                  0.04    0.00    4.70 v repeater559/A (sky130_fd_sc_hd__buf_6)
                  0.03    0.13    4.83 v repeater559/X (sky130_fd_sc_hd__buf_6)
     1    0.02                           net559 (net)
                  0.03    0.00    4.83 v repeater558/A (sky130_fd_sc_hd__buf_6)
                  0.03    0.12    4.95 v repeater558/X (sky130_fd_sc_hd__buf_6)
     1    0.01                           net558 (net)
                  0.03    0.00    4.95 v repeater557/A (sky130_fd_sc_hd__buf_6)
                  0.03    0.11    5.07 v repeater557/X (sky130_fd_sc_hd__buf_6)
     1    0.01                           net557 (net)
                  0.03    0.00    5.07 v repeater556/A (sky130_fd_sc_hd__buf_4)
                  0.07    0.17    5.24 v repeater556/X (sky130_fd_sc_hd__buf_4)
     1    0.04                           net556 (net)
                  0.07    0.01    5.25 v repeater555/A (sky130_fd_sc_hd__buf_4)
                  0.04    0.16    5.41 v repeater555/X (sky130_fd_sc_hd__buf_4)
     2    0.01                           net555 (net)
                  0.04    0.00    5.41 v repeater554/A (sky130_fd_sc_hd__dlymetal6s2s_1)
                  0.10    0.20    5.60 v repeater554/X (sky130_fd_sc_hd__dlymetal6s2s_1)
     4    0.02                           net554 (net)
                  0.10    0.00    5.61 v _159_/A (sky130_fd_sc_hd__inv_2)
                  0.05    0.08    5.69 ^ _159_/Y (sky130_fd_sc_hd__inv_2)
     2    0.01                           _016_ (net)
                  0.05    0.00    5.69 ^ _160_/A (sky130_fd_sc_hd__buf_6)
                  0.03    0.09    5.78 ^ _160_/X (sky130_fd_sc_hd__buf_6)
     1    0.01                           _017_ (net)
                  0.03    0.00    5.79 ^ repeater506/A (sky130_fd_sc_hd__clkdlybuf4s15_2)
                  0.12    0.25    6.04 ^ repeater506/X (sky130_fd_sc_hd__clkdlybuf4s15_2)
     2    0.02                           net506 (net)
                  0.12    0.00    6.04 ^ repeater505/A (sky130_fd_sc_hd__clkbuf_4)
                  0.05    0.17    6.21 ^ repeater505/X (sky130_fd_sc_hd__clkbuf_4)
     2    0.01                           net505 (net)
                  0.05    0.00    6.21 ^ repeater504/A (sky130_fd_sc_hd__clkbuf_4)
                  0.24    0.28    6.49 ^ repeater504/X (sky130_fd_sc_hd__clkbuf_4)
     1    0.08                           net504 (net)
                  0.25    0.04    6.53 ^ repeater503/A (sky130_fd_sc_hd__buf_4)
                  0.05    0.19    6.71 ^ repeater503/X (sky130_fd_sc_hd__buf_4)
     3    0.01                           net503 (net)
                  0.05    0.00    6.71 ^ _260_/A (sky130_fd_sc_hd__dlymetal6s2s_1)
                  0.20    0.21    6.92 ^ _260_/X (sky130_fd_sc_hd__dlymetal6s2s_1)
     5    0.02                           _092_ (net)
                  0.20    0.00    6.92 ^ _261_/A1 (sky130_fd_sc_hd__a22o_1)
                  0.05    0.18    7.10 ^ _261_/X (sky130_fd_sc_hd__a22o_1)
     1    0.00                           _093_ (net)
                  0.05    0.00    7.10 ^ repeater434/A (sky130_fd_sc_hd__clkdlybuf4s15_2)
                  0.50    0.52    7.62 ^ repeater434/X (sky130_fd_sc_hd__clkdlybuf4s15_2)
     2    0.09                           net434 (net)
                  0.50    0.05    7.67 ^ repeater433/A (sky130_fd_sc_hd__buf_4)
                  0.05    0.22    7.88 ^ repeater433/X (sky130_fd_sc_hd__buf_4)
     1    0.01                           net433 (net)
                  0.05    0.00    7.89 ^ repeater432/A (sky130_fd_sc_hd__buf_4)
                  0.06    0.13    8.02 ^ repeater432/X (sky130_fd_sc_hd__buf_4)
     1    0.02                           net432 (net)
                  0.06    0.00    8.02 ^ _262_/B2 (sky130_fd_sc_hd__o22a_1)
                  0.04    0.12    8.14 ^ _262_/X (sky130_fd_sc_hd__o22a_1)
     1    0.00                           net61 (net)
                  0.04    0.00    8.14 ^ repeater213/A (sky130_fd_sc_hd__dlymetal6s2s_1)
                  0.91    0.70    8.84 ^ repeater213/X (sky130_fd_sc_hd__dlymetal6s2s_1)
     2    0.09                           net213 (net)
                  0.91    0.05    8.89 ^ repeater212/A (sky130_fd_sc_hd__clkbuf_4)
                  0.06    0.31    9.20 ^ repeater212/X (sky130_fd_sc_hd__clkbuf_4)
     1    0.00                           net212 (net)
                  0.06    0.00    9.20 ^ repeater211/A (sky130_fd_sc_hd__buf_4)
                  0.06    0.14    9.34 ^ repeater211/X (sky130_fd_sc_hd__buf_4)
     1    0.02                           net211 (net)
                  0.06    0.00    9.34 ^ repeater210/A (sky130_fd_sc_hd__buf_6)
                  0.05    0.12    9.45 ^ repeater210/X (sky130_fd_sc_hd__buf_6)
     1    0.02                           net210 (net)
                  0.05    0.00    9.46 ^ repeater209/A (sky130_fd_sc_hd__buf_6)
                  0.05    0.12    9.57 ^ repeater209/X (sky130_fd_sc_hd__buf_6)
     3    0.02                           net209 (net)
                  0.05    0.00    9.57 ^ _527_/A (sky130_fd_sc_hd__dlymetal6s2s_1)
                  0.07    0.11    9.69 ^ _527_/X (sky130_fd_sc_hd__dlymetal6s2s_1)
     1    0.00                           net126 (net)
                  0.07    0.00    9.69 ^ repeater152/A (sky130_fd_sc_hd__dlymetal6s2s_1)
                  0.21    0.22    9.91 ^ repeater152/X (sky130_fd_sc_hd__dlymetal6s2s_1)
     1    0.02                           net152 (net)
                  0.21    0.00    9.91 ^ repeater151/A (sky130_fd_sc_hd__clkbuf_4)
                  0.07    0.22   10.13 ^ repeater151/X (sky130_fd_sc_hd__clkbuf_4)
     1    0.02                           net151 (net)
                  0.07    0.00   10.13 ^ output126/A (sky130_fd_sc_hd__clkbuf_4)
                  0.12    0.21   10.34 ^ output126/X (sky130_fd_sc_hd__clkbuf_4)
     1    0.03                           wbs_dat_o[18] (net)
                  0.12    0.00   10.34 ^ wbs_dat_o[18] (out)
                                 10.34   data arrival time

                         20.00   20.00   clock wb_clk_i (rise edge)
                          0.00   20.00   clock network delay (propagated)
                         -0.25   19.75   clock uncertainty
                          0.00   19.75   clock reconvergence pessimism
                         -4.00   15.75   output external delay
                                 15.75   data required time
-----------------------------------------------------------------------------
                                 15.75   data required time
                                -10.34   data arrival time
-----------------------------------------------------------------------------
                                  5.41   slack (MET)


Startpoint: wbs_adr_i[11] (input port clocked by wb_clk_i)
Endpoint: wbs_dat_o[16] (output port clocked by wb_clk_i)
Path Group: wb_clk_i
Path Type: max

Fanout     Cap    Slew   Delay    Time   Description
-----------------------------------------------------------------------------
                          0.00    0.00   clock wb_clk_i (rise edge)
                          0.00    0.00   clock network delay (propagated)
                          4.00    4.00 v input external delay
                  0.01    0.01    4.01 v wbs_adr_i[11] (in)
     1    0.00                           wbs_adr_i[11] (net)
                  0.01    0.00    4.01 v input7/A (sky130_fd_sc_hd__dlymetal6s2s_1)
                  0.04    0.13    4.14 v input7/X (sky130_fd_sc_hd__dlymetal6s2s_1)
     1    0.00                           net7 (net)
                  0.04    0.00    4.14 v repeater562/A (sky130_fd_sc_hd__dlymetal6s2s_1)
                  0.10    0.20    4.34 v repeater562/X (sky130_fd_sc_hd__dlymetal6s2s_1)
     1    0.02                           net562 (net)
                  0.10    0.00    4.34 v repeater561/A (sky130_fd_sc_hd__clkbuf_4)
                  0.05    0.19    4.53 v repeater561/X (sky130_fd_sc_hd__clkbuf_4)
     1    0.02                           net561 (net)
                  0.05    0.00    4.53 v repeater560/A (sky130_fd_sc_hd__buf_4)
                  0.04    0.16    4.70 v repeater560/X (sky130_fd_sc_hd__buf_4)
     1    0.02                           net560 (net)
                  0.04    0.00    4.70 v repeater559/A (sky130_fd_sc_hd__buf_6)
                  0.03    0.13    4.83 v repeater559/X (sky130_fd_sc_hd__buf_6)
     1    0.02                           net559 (net)
                  0.03    0.00    4.83 v repeater558/A (sky130_fd_sc_hd__buf_6)
                  0.03    0.12    4.95 v repeater558/X (sky130_fd_sc_hd__buf_6)
     1    0.01                           net558 (net)
                  0.03    0.00    4.95 v repeater557/A (sky130_fd_sc_hd__buf_6)
                  0.03    0.11    5.07 v repeater557/X (sky130_fd_sc_hd__buf_6)
     1    0.01                           net557 (net)
                  0.03    0.00    5.07 v repeater556/A (sky130_fd_sc_hd__buf_4)
                  0.07    0.17    5.24 v repeater556/X (sky130_fd_sc_hd__buf_4)
     1    0.04                           net556 (net)
                  0.07    0.01    5.25 v repeater555/A (sky130_fd_sc_hd__buf_4)
                  0.04    0.16    5.41 v repeater555/X (sky130_fd_sc_hd__buf_4)
     2    0.01                           net555 (net)
                  0.04    0.00    5.41 v repeater554/A (sky130_fd_sc_hd__dlymetal6s2s_1)
                  0.10    0.20    5.60 v repeater554/X (sky130_fd_sc_hd__dlymetal6s2s_1)
     4    0.02                           net554 (net)
                  0.10    0.00    5.61 v _159_/A (sky130_fd_sc_hd__inv_2)
                  0.05    0.08    5.69 ^ _159_/Y (sky130_fd_sc_hd__inv_2)
     2    0.01                           _016_ (net)
                  0.05    0.00    5.69 ^ _160_/A (sky130_fd_sc_hd__buf_6)
                  0.03    0.09    5.78 ^ _160_/X (sky130_fd_sc_hd__buf_6)
     1    0.01                           _017_ (net)
                  0.03    0.00    5.79 ^ repeater506/A (sky130_fd_sc_hd__clkdlybuf4s15_2)
                  0.12    0.25    6.04 ^ repeater506/X (sky130_fd_sc_hd__clkdlybuf4s15_2)
     2    0.02                           net506 (net)
                  0.12    0.00    6.04 ^ repeater505/A (sky130_fd_sc_hd__clkbuf_4)
                  0.05    0.17    6.21 ^ repeater505/X (sky130_fd_sc_hd__clkbuf_4)
     2    0.01                           net505 (net)
                  0.05    0.00    6.21 ^ repeater504/A (sky130_fd_sc_hd__clkbuf_4)
                  0.24    0.28    6.49 ^ repeater504/X (sky130_fd_sc_hd__clkbuf_4)
     1    0.08                           net504 (net)
                  0.25    0.04    6.53 ^ repeater503/A (sky130_fd_sc_hd__buf_4)
                  0.05    0.19    6.71 ^ repeater503/X (sky130_fd_sc_hd__buf_4)
     3    0.01                           net503 (net)
                  0.05    0.00    6.71 ^ _240_/A (sky130_fd_sc_hd__dlymetal6s2s_1)
                  0.20    0.21    6.93 ^ _240_/X (sky130_fd_sc_hd__dlymetal6s2s_1)
     5    0.02                           _077_ (net)
                  0.20    0.00    6.93 ^ _254_/A1 (sky130_fd_sc_hd__a22o_1)
                  0.05    0.18    7.11 ^ _254_/X (sky130_fd_sc_hd__a22o_1)
     1    0.00                           _088_ (net)
                  0.05    0.00    7.11 ^ repeater440/A (sky130_fd_sc_hd__clkdlybuf4s15_2)
                  0.54    0.55    7.66 ^ repeater440/X (sky130_fd_sc_hd__clkdlybuf4s15_2)
     4    0.10                           net440 (net)
                  0.55    0.05    7.71 ^ repeater439/A (sky130_fd_sc_hd__buf_4)
                  0.05    0.23    7.94 ^ repeater439/X (sky130_fd_sc_hd__buf_4)
     1    0.01                           net439 (net)
                  0.05    0.00    7.94 ^ repeater438/A (sky130_fd_sc_hd__buf_4)
                  0.06    0.13    8.07 ^ repeater438/X (sky130_fd_sc_hd__buf_4)
     1    0.02                           net438 (net)
                  0.06    0.00    8.07 ^ _255_/B2 (sky130_fd_sc_hd__o22a_1)
                  0.05    0.13    8.20 ^ _255_/X (sky130_fd_sc_hd__o22a_1)
     1    0.00                           net59 (net)
                  0.05    0.00    8.20 ^ repeater223/A (sky130_fd_sc_hd__clkdlybuf4s15_2)
                  0.53    0.54    8.73 ^ repeater223/X (sky130_fd_sc_hd__clkdlybuf4s15_2)
     2    0.10                           net223 (net)
                  0.54    0.05    8.79 ^ repeater222/A (sky130_fd_sc_hd__clkbuf_4)
                  0.05    0.27    9.06 ^ repeater222/X (sky130_fd_sc_hd__clkbuf_4)
     1    0.01                           net222 (net)
                  0.05    0.00    9.06 ^ repeater221/A (sky130_fd_sc_hd__buf_4)
                  0.07    0.14    9.20 ^ repeater221/X (sky130_fd_sc_hd__buf_4)
     1    0.02                           net221 (net)
                  0.07    0.00    9.20 ^ repeater220/A (sky130_fd_sc_hd__buf_6)
                  0.05    0.12    9.32 ^ repeater220/X (sky130_fd_sc_hd__buf_6)
     2    0.02                           net220 (net)
                  0.05    0.00    9.32 ^ repeater219/A (sky130_fd_sc_hd__dlymetal6s2s_1)
                  0.20    0.21    9.53 ^ repeater219/X (sky130_fd_sc_hd__dlymetal6s2s_1)
     1    0.02                           net219 (net)
                  0.20    0.00    9.53 ^ _525_/A (sky130_fd_sc_hd__clkbuf_4)
                  0.07    0.21    9.74 ^ _525_/X (sky130_fd_sc_hd__clkbuf_4)
     1    0.02                           net124 (net)
                  0.07    0.00    9.74 ^ repeater154/A (sky130_fd_sc_hd__clkbuf_4)
                  0.08    0.17    9.92 ^ repeater154/X (sky130_fd_sc_hd__clkbuf_4)
     2    0.02                           net154 (net)
                  0.08    0.00    9.92 ^ output124/A (sky130_fd_sc_hd__clkbuf_4)
                  0.12    0.21   10.13 ^ output124/X (sky130_fd_sc_hd__clkbuf_4)
     1    0.03                           wbs_dat_o[16] (net)
                  0.12    0.00   10.13 ^ wbs_dat_o[16] (out)
                                 10.13   data arrival time

                         20.00   20.00   clock wb_clk_i (rise edge)
                          0.00   20.00   clock network delay (propagated)
                         -0.25   19.75   clock uncertainty
                          0.00   19.75   clock reconvergence pessimism
                         -4.00   15.75   output external delay
                                 15.75   data required time
-----------------------------------------------------------------------------
                                 15.75   data required time
                                -10.13   data arrival time
-----------------------------------------------------------------------------
                                  5.62   slack (MET)


Startpoint: wbs_adr_i[11] (input port clocked by wb_clk_i)
Endpoint: wbs_dat_o[29] (output port clocked by wb_clk_i)
Path Group: wb_clk_i
Path Type: max

Fanout     Cap    Slew   Delay    Time   Description
-----------------------------------------------------------------------------
                          0.00    0.00   clock wb_clk_i (rise edge)
                          0.00    0.00   clock network delay (propagated)
                          4.00    4.00 ^ input external delay
                  0.03    0.02    4.02 ^ wbs_adr_i[11] (in)
     1    0.00                           wbs_adr_i[11] (net)
                  0.03    0.00    4.02 ^ input7/A (sky130_fd_sc_hd__dlymetal6s2s_1)
                  0.07    0.10    4.12 ^ input7/X (sky130_fd_sc_hd__dlymetal6s2s_1)
     1    0.00                           net7 (net)
                  0.07    0.00    4.12 ^ repeater562/A (sky130_fd_sc_hd__dlymetal6s2s_1)
                  0.20    0.21    4.33 ^ repeater562/X (sky130_fd_sc_hd__dlymetal6s2s_1)
     1    0.02                           net562 (net)
                  0.20    0.00    4.34 ^ repeater561/A (sky130_fd_sc_hd__clkbuf_4)
                  0.07    0.22    4.55 ^ repeater561/X (sky130_fd_sc_hd__clkbuf_4)
     1    0.02                           net561 (net)
                  0.07    0.00    4.55 ^ repeater560/A (sky130_fd_sc_hd__buf_4)
                  0.07    0.15    4.70 ^ repeater560/X (sky130_fd_sc_hd__buf_4)
     1    0.02                           net560 (net)
                  0.07    0.00    4.70 ^ repeater559/A (sky130_fd_sc_hd__buf_6)
                  0.05    0.12    4.82 ^ repeater559/X (sky130_fd_sc_hd__buf_6)
     1    0.02                           net559 (net)
                  0.05    0.00    4.82 ^ repeater558/A (sky130_fd_sc_hd__buf_6)
                  0.04    0.10    4.92 ^ repeater558/X (sky130_fd_sc_hd__buf_6)
     1    0.01                           net558 (net)
                  0.04    0.00    4.93 ^ repeater557/A (sky130_fd_sc_hd__buf_6)
                  0.04    0.10    5.02 ^ repeater557/X (sky130_fd_sc_hd__buf_6)
     1    0.01                           net557 (net)
                  0.04    0.00    5.02 ^ repeater556/A (sky130_fd_sc_hd__buf_4)
                  0.12    0.17    5.19 ^ repeater556/X (sky130_fd_sc_hd__buf_4)
     1    0.04                           net556 (net)
                  0.12    0.01    5.20 ^ repeater555/A (sky130_fd_sc_hd__buf_4)
                  0.05    0.15    5.35 ^ repeater555/X (sky130_fd_sc_hd__buf_4)
     2    0.01                           net555 (net)
                  0.05    0.00    5.35 ^ repeater554/A (sky130_fd_sc_hd__dlymetal6s2s_1)
                  0.20    0.21    5.56 ^ repeater554/X (sky130_fd_sc_hd__dlymetal6s2s_1)
     4    0.02                           net554 (net)
                  0.20    0.00    5.56 ^ _159_/A (sky130_fd_sc_hd__inv_2)
                  0.05    0.07    5.62 v _159_/Y (sky130_fd_sc_hd__inv_2)
     2    0.01                           _016_ (net)
                  0.05    0.00    5.62 v _160_/A (sky130_fd_sc_hd__buf_6)
                  0.02    0.12    5.75 v _160_/X (sky130_fd_sc_hd__buf_6)
     1    0.01                           _017_ (net)
                  0.02    0.00    5.75 v repeater506/A (sky130_fd_sc_hd__clkdlybuf4s15_2)
                  0.08    0.25    5.99 v repeater506/X (sky130_fd_sc_hd__clkdlybuf4s15_2)
     2    0.02                           net506 (net)
                  0.08    0.00    6.00 v repeater505/A (sky130_fd_sc_hd__clkbuf_4)
                  0.04    0.17    6.17 v repeater505/X (sky130_fd_sc_hd__clkbuf_4)
     2    0.01                           net505 (net)
                  0.04    0.00    6.17 v _161_/A (sky130_fd_sc_hd__buf_6)
                  0.02    0.11    6.28 v _161_/X (sky130_fd_sc_hd__buf_6)
     2    0.01                           _018_ (net)
                  0.02    0.00    6.28 v repeater493/A (sky130_fd_sc_hd__clkdlybuf4s18_2)
                  0.08    0.25    6.53 v repeater493/X (sky130_fd_sc_hd__clkdlybuf4s18_2)
     3    0.02                           net493 (net)
                  0.08    0.00    6.53 v repeater492/A (sky130_fd_sc_hd__clkdlybuf4s15_2)
                  0.27    0.41    6.94 v repeater492/X (sky130_fd_sc_hd__clkdlybuf4s15_2)
     6    0.07                           net492 (net)
                  0.27    0.03    6.97 v repeater491/A (sky130_fd_sc_hd__clkbuf_4)
                  0.04    0.25    7.22 v repeater491/X (sky130_fd_sc_hd__clkbuf_4)
     2    0.01                           net491 (net)
                  0.04    0.00    7.22 v _303_/A1 (sky130_fd_sc_hd__a22o_1)
                  0.04    0.21    7.42 v _303_/X (sky130_fd_sc_hd__a22o_1)
     1    0.00                           _124_ (net)
                  0.04    0.00    7.42 v repeater401/A (sky130_fd_sc_hd__clkdlybuf4s15_2)
                  0.27    0.39    7.82 v repeater401/X (sky130_fd_sc_hd__clkdlybuf4s15_2)
     6    0.07                           net401 (net)
                  0.28    0.03    7.85 v repeater400/A (sky130_fd_sc_hd__clkbuf_4)
                  0.04    0.25    8.10 v repeater400/X (sky130_fd_sc_hd__clkbuf_4)
     1    0.01                           net400 (net)
                  0.04    0.00    8.10 v repeater399/A (sky130_fd_sc_hd__buf_4)
                  0.04    0.15    8.25 v repeater399/X (sky130_fd_sc_hd__buf_4)
     1    0.02                           net399 (net)
                  0.04    0.00    8.26 v _304_/B2 (sky130_fd_sc_hd__o22a_2)
                  0.12    0.28    8.53 v _304_/X (sky130_fd_sc_hd__o22a_2)
     1    0.03                           net73 (net)
                  0.12    0.01    8.54 v repeater343/A (sky130_fd_sc_hd__clkbuf_4)
                  0.09    0.23    8.77 v repeater343/X (sky130_fd_sc_hd__clkbuf_4)
     2    0.04                           net343 (net)
                  0.09    0.01    8.78 v repeater342/A (sky130_fd_sc_hd__buf_4)
                  0.04    0.17    8.95 v repeater342/X (sky130_fd_sc_hd__buf_4)
     1    0.01                           net342 (net)
                  0.04    0.00    8.95 v repeater341/A (sky130_fd_sc_hd__buf_6)
                  0.03    0.13    9.08 v repeater341/X (sky130_fd_sc_hd__buf_6)
     1    0.02                           net341 (net)
                  0.03    0.00    9.08 v repeater340/A (sky130_fd_sc_hd__buf_6)
                  0.03    0.13    9.21 v repeater340/X (sky130_fd_sc_hd__buf_6)
     2    0.02                           net340 (net)
                  0.03    0.00    9.21 v _538_/A (sky130_fd_sc_hd__clkbuf_4)
                  0.04    0.14    9.36 v _538_/X (sky130_fd_sc_hd__clkbuf_4)
     1    0.01                           net138 (net)
                  0.04    0.00    9.36 v repeater187/A (sky130_fd_sc_hd__clkdlybuf4s15_2)
                  0.09    0.26    9.61 v repeater187/X (sky130_fd_sc_hd__clkdlybuf4s15_2)
     2    0.02                           net187 (net)
                  0.09    0.00    9.62 v repeater186/A (sky130_fd_sc_hd__clkbuf_4)
                  0.05    0.19    9.80 v repeater186/X (sky130_fd_sc_hd__clkbuf_4)
     1    0.02                           net186 (net)
                  0.05    0.00    9.80 v output138/A (sky130_fd_sc_hd__clkbuf_4)
                  0.08    0.20   10.00 v output138/X (sky130_fd_sc_hd__clkbuf_4)
     1    0.03                           wbs_dat_o[29] (net)
                  0.08    0.00   10.00 v wbs_dat_o[29] (out)
                                 10.00   data arrival time

                         20.00   20.00   clock wb_clk_i (rise edge)
                          0.00   20.00   clock network delay (propagated)
                         -0.25   19.75   clock uncertainty
                          0.00   19.75   clock reconvergence pessimism
                         -4.00   15.75   output external delay
                                 15.75   data required time
-----------------------------------------------------------------------------
                                 15.75   data required time
                                -10.00   data arrival time
-----------------------------------------------------------------------------
                                  5.75   slack (MET)


Startpoint: wbs_adr_i[11] (input port clocked by wb_clk_i)
Endpoint: wbs_dat_o[14] (output port clocked by wb_clk_i)
Path Group: wb_clk_i
Path Type: max

Fanout     Cap    Slew   Delay    Time   Description
-----------------------------------------------------------------------------
                          0.00    0.00   clock wb_clk_i (rise edge)
                          0.00    0.00   clock network delay (propagated)
                          4.00    4.00 ^ input external delay
                  0.03    0.02    4.02 ^ wbs_adr_i[11] (in)
     1    0.00                           wbs_adr_i[11] (net)
                  0.03    0.00    4.02 ^ input7/A (sky130_fd_sc_hd__dlymetal6s2s_1)
                  0.07    0.10    4.12 ^ input7/X (sky130_fd_sc_hd__dlymetal6s2s_1)
     1    0.00                           net7 (net)
                  0.07    0.00    4.12 ^ repeater562/A (sky130_fd_sc_hd__dlymetal6s2s_1)
                  0.20    0.21    4.33 ^ repeater562/X (sky130_fd_sc_hd__dlymetal6s2s_1)
     1    0.02                           net562 (net)
                  0.20    0.00    4.34 ^ repeater561/A (sky130_fd_sc_hd__clkbuf_4)
                  0.07    0.22    4.55 ^ repeater561/X (sky130_fd_sc_hd__clkbuf_4)
     1    0.02                           net561 (net)
                  0.07    0.00    4.55 ^ repeater560/A (sky130_fd_sc_hd__buf_4)
                  0.07    0.15    4.70 ^ repeater560/X (sky130_fd_sc_hd__buf_4)
     1    0.02                           net560 (net)
                  0.07    0.00    4.70 ^ repeater559/A (sky130_fd_sc_hd__buf_6)
                  0.05    0.12    4.82 ^ repeater559/X (sky130_fd_sc_hd__buf_6)
     1    0.02                           net559 (net)
                  0.05    0.00    4.82 ^ repeater558/A (sky130_fd_sc_hd__buf_6)
                  0.04    0.10    4.92 ^ repeater558/X (sky130_fd_sc_hd__buf_6)
     1    0.01                           net558 (net)
                  0.04    0.00    4.93 ^ repeater557/A (sky130_fd_sc_hd__buf_6)
                  0.04    0.10    5.02 ^ repeater557/X (sky130_fd_sc_hd__buf_6)
     1    0.01                           net557 (net)
                  0.04    0.00    5.02 ^ repeater556/A (sky130_fd_sc_hd__buf_4)
                  0.12    0.17    5.19 ^ repeater556/X (sky130_fd_sc_hd__buf_4)
     1    0.04                           net556 (net)
                  0.12    0.01    5.20 ^ repeater555/A (sky130_fd_sc_hd__buf_4)
                  0.05    0.15    5.35 ^ repeater555/X (sky130_fd_sc_hd__buf_4)
     2    0.01                           net555 (net)
                  0.05    0.00    5.35 ^ repeater554/A (sky130_fd_sc_hd__dlymetal6s2s_1)
                  0.20    0.21    5.56 ^ repeater554/X (sky130_fd_sc_hd__dlymetal6s2s_1)
     4    0.02                           net554 (net)
                  0.20    0.00    5.56 ^ _159_/A (sky130_fd_sc_hd__inv_2)
                  0.05    0.07    5.62 v _159_/Y (sky130_fd_sc_hd__inv_2)
     2    0.01                           _016_ (net)
                  0.05    0.00    5.62 v _160_/A (sky130_fd_sc_hd__buf_6)
                  0.02    0.12    5.75 v _160_/X (sky130_fd_sc_hd__buf_6)
     1    0.01                           _017_ (net)
                  0.02    0.00    5.75 v repeater506/A (sky130_fd_sc_hd__clkdlybuf4s15_2)
                  0.08    0.25    5.99 v repeater506/X (sky130_fd_sc_hd__clkdlybuf4s15_2)
     2    0.02                           net506 (net)
                  0.08    0.00    6.00 v repeater505/A (sky130_fd_sc_hd__clkbuf_4)
                  0.04    0.17    6.17 v repeater505/X (sky130_fd_sc_hd__clkbuf_4)
     2    0.01                           net505 (net)
                  0.04    0.00    6.17 v repeater504/A (sky130_fd_sc_hd__clkbuf_4)
                  0.16    0.24    6.41 v repeater504/X (sky130_fd_sc_hd__clkbuf_4)
     1    0.08                           net504 (net)
                  0.17    0.04    6.44 v repeater503/A (sky130_fd_sc_hd__buf_4)
                  0.04    0.21    6.65 v repeater503/X (sky130_fd_sc_hd__buf_4)
     3    0.01                           net503 (net)
                  0.04    0.00    6.65 v _240_/A (sky130_fd_sc_hd__dlymetal6s2s_1)
                  0.10    0.20    6.85 v _240_/X (sky130_fd_sc_hd__dlymetal6s2s_1)
     5    0.02                           _077_ (net)
                  0.10    0.00    6.85 v _244_/A1 (sky130_fd_sc_hd__a22o_1)
                  0.04    0.24    7.09 v _244_/X (sky130_fd_sc_hd__a22o_1)
     1    0.00                           _080_ (net)
                  0.04    0.00    7.09 v repeater446/A (sky130_fd_sc_hd__clkdlybuf4s15_2)
                  0.35    0.44    7.53 v repeater446/X (sky130_fd_sc_hd__clkdlybuf4s15_2)
     2    0.09                           net446 (net)
                  0.36    0.05    7.58 v repeater445/A (sky130_fd_sc_hd__buf_4)
                  0.04    0.28    7.86 v repeater445/X (sky130_fd_sc_hd__buf_4)
     1    0.01                           net445 (net)
                  0.04    0.00    7.86 v repeater444/A (sky130_fd_sc_hd__buf_4)
                  0.04    0.15    8.01 v repeater444/X (sky130_fd_sc_hd__buf_4)
     1    0.02                           net444 (net)
                  0.04    0.00    8.01 v _245_/B2 (sky130_fd_sc_hd__o22a_1)
                  0.04    0.15    8.17 v _245_/X (sky130_fd_sc_hd__o22a_1)
     1    0.00                           net57 (net)
                  0.04    0.00    8.17 v repeater234/A (sky130_fd_sc_hd__dlymetal6s2s_1)
                  0.04    0.14    8.31 v repeater234/X (sky130_fd_sc_hd__dlymetal6s2s_1)
     1    0.00                           net234 (net)
                  0.04    0.00    8.31 v repeater233/A (sky130_fd_sc_hd__clkbuf_4)
                  0.18    0.25    8.56 v repeater233/X (sky130_fd_sc_hd__clkbuf_4)
     2    0.09                           net233 (net)
                  0.20    0.05    8.60 v repeater232/A (sky130_fd_sc_hd__buf_4)
                  0.04    0.23    8.83 v repeater232/X (sky130_fd_sc_hd__buf_4)
     1    0.02                           net232 (net)
                  0.04    0.00    8.83 v repeater231/A (sky130_fd_sc_hd__buf_6)
                  0.03    0.13    8.96 v repeater231/X (sky130_fd_sc_hd__buf_6)
     1    0.02                           net231 (net)
                  0.03    0.00    8.96 v repeater230/A (sky130_fd_sc_hd__buf_6)
                  0.03    0.13    9.09 v repeater230/X (sky130_fd_sc_hd__buf_6)
     2    0.02                           net230 (net)
                  0.03    0.00    9.09 v repeater229/A (sky130_fd_sc_hd__clkdlybuf4s15_2)
                  0.08    0.25    9.34 v repeater229/X (sky130_fd_sc_hd__clkdlybuf4s15_2)
     1    0.02                           net229 (net)
                  0.08    0.00    9.35 v _523_/A (sky130_fd_sc_hd__clkbuf_4)
                  0.04    0.16    9.51 v _523_/X (sky130_fd_sc_hd__clkbuf_4)
     1    0.01                           net122 (net)
                  0.04    0.00    9.51 v repeater156/A (sky130_fd_sc_hd__clkdlybuf4s15_2)
                  0.08    0.25    9.76 v repeater156/X (sky130_fd_sc_hd__clkdlybuf4s15_2)
     1    0.02                           net156 (net)
                  0.08    0.00    9.76 v output122/A (sky130_fd_sc_hd__clkbuf_4)
                  0.08    0.21    9.97 v output122/X (sky130_fd_sc_hd__clkbuf_4)
     1    0.03                           wbs_dat_o[14] (net)
                  0.08    0.00    9.97 v wbs_dat_o[14] (out)
                                  9.97   data arrival time

                         20.00   20.00   clock wb_clk_i (rise edge)
                          0.00   20.00   clock network delay (propagated)
                         -0.25   19.75   clock uncertainty
                          0.00   19.75   clock reconvergence pessimism
                         -4.00   15.75   output external delay
                                 15.75   data required time
-----------------------------------------------------------------------------
                                 15.75   data required time
                                 -9.97   data arrival time
-----------------------------------------------------------------------------
                                  5.78   slack (MET)


