
===========================================================================
report_checks -unconstrained
============================================================================
Startpoint: wbs_adr_i[11] (input port clocked by wb_clk_i)
Endpoint: wbs_dat_o[19] (output port clocked by wb_clk_i)
Path Group: wb_clk_i
Path Type: max

Fanout     Cap    Slew   Delay    Time   Description
-----------------------------------------------------------------------------
                          0.00    0.00   clock wb_clk_i (rise edge)
                          0.00    0.00   clock network delay (propagated)
                          4.00    4.00 v input external delay
                  0.01    0.01    4.01 v wbs_adr_i[11] (in)
     1    0.00                           wbs_adr_i[11] (net)
                  0.01    0.00    4.01 v input7/A (sky130_fd_sc_hd__dlymetal6s2s_1)
                  0.04    0.13    4.14 v input7/X (sky130_fd_sc_hd__dlymetal6s2s_1)
     1    0.00                           net7 (net)
                  0.04    0.00    4.14 v repeater562/A (sky130_fd_sc_hd__dlymetal6s2s_1)
                  0.10    0.20    4.34 v repeater562/X (sky130_fd_sc_hd__dlymetal6s2s_1)
     1    0.02                           net562 (net)
                  0.10    0.00    4.34 v repeater561/A (sky130_fd_sc_hd__clkbuf_4)
                  0.05    0.19    4.53 v repeater561/X (sky130_fd_sc_hd__clkbuf_4)
     1    0.02                           net561 (net)
                  0.05    0.00    4.53 v repeater560/A (sky130_fd_sc_hd__buf_4)
                  0.04    0.16    4.70 v repeater560/X (sky130_fd_sc_hd__buf_4)
     1    0.02                           net560 (net)
                  0.04    0.00    4.70 v repeater559/A (sky130_fd_sc_hd__buf_6)
                  0.03    0.13    4.83 v repeater559/X (sky130_fd_sc_hd__buf_6)
     1    0.02                           net559 (net)
                  0.03    0.00    4.83 v repeater558/A (sky130_fd_sc_hd__buf_6)
                  0.03    0.12    4.95 v repeater558/X (sky130_fd_sc_hd__buf_6)
     1    0.01                           net558 (net)
                  0.03    0.00    4.95 v repeater557/A (sky130_fd_sc_hd__buf_6)
                  0.03    0.11    5.07 v repeater557/X (sky130_fd_sc_hd__buf_6)
     1    0.01                           net557 (net)
                  0.03    0.00    5.07 v repeater556/A (sky130_fd_sc_hd__buf_4)
                  0.07    0.17    5.24 v repeater556/X (sky130_fd_sc_hd__buf_4)
     1    0.04                           net556 (net)
                  0.07    0.01    5.25 v repeater555/A (sky130_fd_sc_hd__buf_4)
                  0.04    0.16    5.41 v repeater555/X (sky130_fd_sc_hd__buf_4)
     2    0.01                           net555 (net)
                  0.04    0.00    5.41 v repeater554/A (sky130_fd_sc_hd__dlymetal6s2s_1)
                  0.10    0.20    5.60 v repeater554/X (sky130_fd_sc_hd__dlymetal6s2s_1)
     4    0.02                           net554 (net)
                  0.10    0.00    5.61 v _159_/A (sky130_fd_sc_hd__inv_2)
                  0.05    0.08    5.69 ^ _159_/Y (sky130_fd_sc_hd__inv_2)
     2    0.01                           _016_ (net)
                  0.05    0.00    5.69 ^ _160_/A (sky130_fd_sc_hd__buf_6)
                  0.03    0.09    5.78 ^ _160_/X (sky130_fd_sc_hd__buf_6)
     1    0.01                           _017_ (net)
                  0.03    0.00    5.79 ^ repeater506/A (sky130_fd_sc_hd__clkdlybuf4s15_2)
                  0.12    0.25    6.04 ^ repeater506/X (sky130_fd_sc_hd__clkdlybuf4s15_2)
     2    0.02                           net506 (net)
                  0.12    0.00    6.04 ^ repeater505/A (sky130_fd_sc_hd__clkbuf_4)
                  0.05    0.17    6.21 ^ repeater505/X (sky130_fd_sc_hd__clkbuf_4)
     2    0.01                           net505 (net)
                  0.05    0.00    6.21 ^ repeater504/A (sky130_fd_sc_hd__clkbuf_4)
                  0.24    0.28    6.49 ^ repeater504/X (sky130_fd_sc_hd__clkbuf_4)
     1    0.08                           net504 (net)
                  0.25    0.04    6.53 ^ repeater503/A (sky130_fd_sc_hd__buf_4)
                  0.05    0.19    6.71 ^ repeater503/X (sky130_fd_sc_hd__buf_4)
     3    0.01                           net503 (net)
                  0.05    0.00    6.71 ^ _260_/A (sky130_fd_sc_hd__dlymetal6s2s_1)
                  0.20    0.21    6.92 ^ _260_/X (sky130_fd_sc_hd__dlymetal6s2s_1)
     5    0.02                           _092_ (net)
                  0.20    0.00    6.92 ^ _264_/A1 (sky130_fd_sc_hd__a22o_1)
                  0.05    0.18    7.10 ^ _264_/X (sky130_fd_sc_hd__a22o_1)
     1    0.00                           _095_ (net)
                  0.05    0.00    7.10 ^ repeater431/A (sky130_fd_sc_hd__clkdlybuf4s15_2)
                  0.49    0.51    7.62 ^ repeater431/X (sky130_fd_sc_hd__clkdlybuf4s15_2)
     2    0.09                           net431 (net)
                  0.50    0.05    7.66 ^ repeater430/A (sky130_fd_sc_hd__buf_4)
                  0.05    0.22    7.88 ^ repeater430/X (sky130_fd_sc_hd__buf_4)
     1    0.01                           net430 (net)
                  0.05    0.00    7.88 ^ repeater429/A (sky130_fd_sc_hd__buf_4)
                  0.06    0.13    8.01 ^ repeater429/X (sky130_fd_sc_hd__buf_4)
     1    0.02                           net429 (net)
                  0.06    0.00    8.01 ^ _265_/B2 (sky130_fd_sc_hd__o22a_1)
                  0.04    0.12    8.13 ^ _265_/X (sky130_fd_sc_hd__o22a_1)
     1    0.00                           net62 (net)
                  0.04    0.00    8.13 ^ repeater208/A (sky130_fd_sc_hd__dlymetal6s2s_1)
                  0.96    0.75    8.88 ^ repeater208/X (sky130_fd_sc_hd__dlymetal6s2s_1)
     9    0.10                           net208 (net)
                  0.96    0.05    8.93 ^ repeater207/A (sky130_fd_sc_hd__clkbuf_4)
                  0.06    0.31    9.24 ^ repeater207/X (sky130_fd_sc_hd__clkbuf_4)
     1    0.00                           net207 (net)
                  0.06    0.00    9.24 ^ repeater206/A (sky130_fd_sc_hd__buf_4)
                  0.06    0.14    9.38 ^ repeater206/X (sky130_fd_sc_hd__buf_4)
     1    0.02                           net206 (net)
                  0.06    0.00    9.38 ^ repeater205/A (sky130_fd_sc_hd__buf_6)
                  0.05    0.12    9.50 ^ repeater205/X (sky130_fd_sc_hd__buf_6)
     1    0.02                           net205 (net)
                  0.05    0.00    9.50 ^ repeater204/A (sky130_fd_sc_hd__buf_6)
                  0.06    0.12    9.62 ^ repeater204/X (sky130_fd_sc_hd__buf_6)
     3    0.02                           net204 (net)
                  0.06    0.00    9.62 ^ _528_/A (sky130_fd_sc_hd__dlymetal6s2s_1)
                  0.07    0.12    9.74 ^ _528_/X (sky130_fd_sc_hd__dlymetal6s2s_1)
     1    0.00                           net127 (net)
                  0.07    0.00    9.74 ^ repeater150/A (sky130_fd_sc_hd__dlymetal6s2s_1)
                  0.21    0.22    9.96 ^ repeater150/X (sky130_fd_sc_hd__dlymetal6s2s_1)
     1    0.02                           net150 (net)
                  0.21    0.00    9.96 ^ repeater149/A (sky130_fd_sc_hd__clkbuf_4)
                  0.07    0.22   10.18 ^ repeater149/X (sky130_fd_sc_hd__clkbuf_4)
     1    0.02                           net149 (net)
                  0.07    0.00   10.19 ^ output127/A (sky130_fd_sc_hd__clkbuf_4)
                  0.12    0.21   10.39 ^ output127/X (sky130_fd_sc_hd__clkbuf_4)
     1    0.03                           wbs_dat_o[19] (net)
                  0.12    0.00   10.40 ^ wbs_dat_o[19] (out)
                                 10.40   data arrival time

                         20.00   20.00   clock wb_clk_i (rise edge)
                          0.00   20.00   clock network delay (propagated)
                         -0.25   19.75   clock uncertainty
                          0.00   19.75   clock reconvergence pessimism
                         -4.00   15.75   output external delay
                                 15.75   data required time
-----------------------------------------------------------------------------
                                 15.75   data required time
                                -10.40   data arrival time
-----------------------------------------------------------------------------
                                  5.35   slack (MET)



===========================================================================
report_checks --slack_max -0.01
============================================================================
No paths found.
