OpenROAD 79a46b62da64bbebc18f06b20c42211046de719a 
This program is licensed under the BSD-3 license. See the LICENSE file for details.
Components of this program may be licensed under more restrictive licenses which must be honored.
[INFO ODB-0222] Reading LEF file: /home/serdar/Desktop/openram_demo/openram_openmpw/openlane/user_project_wrapper/runs/user_project_wrapper/tmp/merged.max.lef
[INFO ODB-0223]     Created 13 technology layers
[INFO ODB-0224]     Created 25 technology vias
[INFO ODB-0225]     Created 442 library cells
[INFO ODB-0226] Finished LEF file:  /home/serdar/Desktop/openram_demo/openram_openmpw/openlane/user_project_wrapper/runs/user_project_wrapper/tmp/merged.max.lef
[INFO ODB-0127] Reading DEF file: /home/serdar/Desktop/openram_demo/openram_openmpw/openlane/user_project_wrapper/runs/user_project_wrapper/results/routing/user_project_wrapper.def
[INFO ODB-0128] Design: user_project_wrapper
[INFO ODB-0094] 		Created 100000 Insts
[INFO ODB-0094] 		Created 200000 Insts
[INFO ODB-0094] 		Created 300000 Insts
[INFO ODB-0094] 		Created 400000 Insts
[INFO ODB-0094] 		Created 500000 Insts
[INFO ODB-0094] 		Created 600000 Insts
[INFO ODB-0094] 		Created 700000 Insts
[INFO ODB-0094] 		Created 800000 Insts
[INFO ODB-0130]     Created 645 pins.
[INFO ODB-0131]     Created 899260 components and 3347606 component-terminals.
[INFO ODB-0132]     Created 8 special nets and 3341864 connections.
[INFO ODB-0133]     Created 2927 nets and 5579 connections.
[INFO ODB-0134] Finished DEF file: /home/serdar/Desktop/openram_demo/openram_openmpw/openlane/user_project_wrapper/runs/user_project_wrapper/results/routing/user_project_wrapper.def
Using RCX ruleset '/home/serdar/pdks/sky130A/libs.tech/openlane/rules.openrcx.sky130A.max.spef_extractor'...
[INFO RCX-0431] Defined process_corner X with ext_model_index 0
[INFO RCX-0029] Defined extraction corner X
[INFO RCX-0008] extracting parasitics of user_project_wrapper ...
Notice 0: Split top of 128 T shapes.
[INFO RCX-0435] Reading extraction model file /home/serdar/pdks/sky130A/libs.tech/openlane/rules.openrcx.sky130A.max.spef_extractor ...
[INFO RCX-0436] RC segment generation user_project_wrapper (max_merge_res 50.0) ...
[INFO RCX-0040] Final 14010 rc segments
[INFO RCX-0439] Coupling Cap extraction user_project_wrapper ...
[INFO RCX-0440] Coupling threshhold is 0.1000 fF, coupling capacitance less than 0.1000 fF will be grounded.
[INFO RCX-0043] 59308 wires to be extracted
[INFO RCX-0442] 15% completion -- 9480 wires have been extracted
[INFO RCX-0442] 28% completion -- 16823 wires have been extracted
[INFO RCX-0442] 37% completion -- 22286 wires have been extracted
[INFO RCX-0442] 47% completion -- 28370 wires have been extracted
[INFO RCX-0442] 57% completion -- 34311 wires have been extracted
[INFO RCX-0442] 67% completion -- 40255 wires have been extracted
[INFO RCX-0442] 84% completion -- 49993 wires have been extracted
[INFO RCX-0442] 90% completion -- 53929 wires have been extracted
[INFO RCX-0442] 98% completion -- 58484 wires have been extracted
[INFO RCX-0045] Extract 2933 nets, 16441 rsegs, 16441 caps, 14248 ccs
[INFO RCX-0015] Finished extracting user_project_wrapper.
Writing result to /home/serdar/Desktop/openram_demo/openram_openmpw/openlane/user_project_wrapper/runs/user_project_wrapper/results/routing/user_project_wrapper.max.spef...
[INFO RCX-0016] Writing SPEF ...
[INFO RCX-0443] 2927 nets finished
[INFO RCX-0017] Finished writing SPEF ...
