
Magic 8.3 revision 278 - Compiled on Fri May 13 13:23:04 UTC 2022.
Starting magic under Tcl interpreter
Using the terminal as the console.
Using NULL graphics device.
Processing system .magicrc file
Sourcing design .magicrc for technology sky130A ...
2 Magic internal units = 1 Lambda
Input style sky130(vendor): scaleFactor=2, multiplier=2
The following types are not handled by extraction and will be treated as non-electrical types:
    ubm 
Scaled tech values by 2 / 1 to match internal grid scaling
Loading sky130A Device Generator Menu ...
Loading "/openlane/scripts/magic/lef.tcl" from command line.
Reading LEF data from file /home/serdar/pdks/sky130A/libs.ref/sky130_fd_sc_hd/techlef/sky130_fd_sc_hd__nom.tlef.
This action cannot be undone.
LEF read, Line 78 (Message): Unknown keyword "ANTENNAMODEL" in LEF file; ignoring.
LEF read, Line 79 (Message): Unknown keyword "ANTENNADIFFSIDEAREARATIO" in LEF file; ignoring.
LEF read, Line 112 (Message): Unknown keyword "MINENCLOSEDAREA" in LEF file; ignoring.
LEF read, Line 114 (Message): Unknown keyword "ANTENNAMODEL" in LEF file; ignoring.
LEF read, Line 115 (Message): Unknown keyword "ANTENNADIFFSIDEAREARATIO" in LEF file; ignoring.
LEF read, Line 121 (Message): Unknown keyword "MAXIMUMDENSITY" in LEF file; ignoring.
LEF read, Line 122 (Message): Unknown keyword "DENSITYCHECKWINDOW" in LEF file; ignoring.
LEF read, Line 123 (Message): Unknown keyword "DENSITYCHECKSTEP" in LEF file; ignoring.
LEF read, Line 156 (Message): Unknown keyword "MINENCLOSEDAREA" in LEF file; ignoring.
LEF read, Line 164 (Message): Unknown keyword "ANTENNAMODEL" in LEF file; ignoring.
LEF read, Line 165 (Message): Unknown keyword "ANTENNADIFFSIDEAREARATIO" in LEF file; ignoring.
LEF read, Line 167 (Message): Unknown keyword "MAXIMUMDENSITY" in LEF file; ignoring.
LEF read, Line 168 (Message): Unknown keyword "DENSITYCHECKWINDOW" in LEF file; ignoring.
LEF read, Line 169 (Message): Unknown keyword "DENSITYCHECKSTEP" in LEF file; ignoring.
LEF read, Line 206 (Message): Unknown keyword "ANTENNAMODEL" in LEF file; ignoring.
LEF read, Line 207 (Message): Unknown keyword "ANTENNADIFFSIDEAREARATIO" in LEF file; ignoring.
LEF read, Line 209 (Message): Unknown keyword "MAXIMUMDENSITY" in LEF file; ignoring.
LEF read, Line 210 (Message): Unknown keyword "DENSITYCHECKWINDOW" in LEF file; ignoring.
LEF read, Line 211 (Message): Unknown keyword "DENSITYCHECKSTEP" in LEF file; ignoring.
LEF read, Line 248 (Message): Unknown keyword "ANTENNAMODEL" in LEF file; ignoring.
LEF read, Line 249 (Message): Unknown keyword "ANTENNADIFFSIDEAREARATIO" in LEF file; ignoring.
LEF read, Line 251 (Message): Unknown keyword "MAXIMUMDENSITY" in LEF file; ignoring.
LEF read, Line 252 (Message): Unknown keyword "DENSITYCHECKWINDOW" in LEF file; ignoring.
LEF read, Line 253 (Message): Unknown keyword "DENSITYCHECKSTEP" in LEF file; ignoring.
LEF read, Line 290 (Message): Unknown keyword "ANTENNAMODEL" in LEF file; ignoring.
LEF read, Line 291 (Message): Unknown keyword "ANTENNADIFFSIDEAREARATIO" in LEF file; ignoring.
LEF read: Processed 797 lines.
Reading LEF data from file /home/serdar/pdks/sky130A/libs.ref/sky130_sram_macros/lef/sky130_sram_2kbyte_1rw1r_32x512_8.lef.
This action cannot be undone.
LEF read: Processed 1116 lines.
user_project_wrapper: 10000 rects
user_project_wrapper: 20000 rects
user_project_wrapper: 30000 rects
user_project_wrapper: 40000 rects
user_project_wrapper: 50000 rects
user_project_wrapper: 60000 rects
user_project_wrapper: 70000 rects
user_project_wrapper: 80000 rects
user_project_wrapper: 90000 rects
user_project_wrapper: 100000 rects
user_project_wrapper: 110000 rects
user_project_wrapper: 120000 rects
user_project_wrapper: 130000 rects
user_project_wrapper: 140000 rects
user_project_wrapper: 150000 rects
user_project_wrapper: 160000 rects
user_project_wrapper: 170000 rects
user_project_wrapper: 180000 rects
user_project_wrapper: 190000 rects
user_project_wrapper: 200000 rects
user_project_wrapper: 210000 rects
user_project_wrapper: 220000 rects
user_project_wrapper: 230000 rects
user_project_wrapper: 240000 rects
user_project_wrapper: 250000 rects
user_project_wrapper: 260000 rects
user_project_wrapper: 270000 rects
user_project_wrapper: 280000 rects
user_project_wrapper: 290000 rects
user_project_wrapper: 300000 rects
user_project_wrapper: 310000 rects
user_project_wrapper: 320000 rects
user_project_wrapper: 330000 rects
user_project_wrapper: 340000 rects
user_project_wrapper: 350000 rects
user_project_wrapper: 360000 rects
user_project_wrapper: 370000 rects
user_project_wrapper: 380000 rects
user_project_wrapper: 390000 rects
user_project_wrapper: 400000 rects
user_project_wrapper: 410000 rects
user_project_wrapper: 420000 rects
user_project_wrapper: 430000 rects
user_project_wrapper: 440000 rects
user_project_wrapper: 450000 rects
user_project_wrapper: 460000 rects
user_project_wrapper: 470000 rects
user_project_wrapper: 480000 rects
user_project_wrapper: 490000 rects
user_project_wrapper: 500000 rects
user_project_wrapper: 510000 rects
user_project_wrapper: 520000 rects
user_project_wrapper: 530000 rects
user_project_wrapper: 540000 rects
user_project_wrapper: 550000 rects
user_project_wrapper: 560000 rects
user_project_wrapper: 570000 rects
user_project_wrapper: 580000 rects
user_project_wrapper: 590000 rects
user_project_wrapper: 600000 rects
user_project_wrapper: 610000 rects
user_project_wrapper: 620000 rects
user_project_wrapper: 630000 rects
user_project_wrapper: 640000 rects
user_project_wrapper: 650000 rects
user_project_wrapper: 660000 rects
user_project_wrapper: 670000 rects
user_project_wrapper: 680000 rects
user_project_wrapper: 690000 rects
user_project_wrapper: 700000 rects
user_project_wrapper: 710000 rects
user_project_wrapper: 720000 rects
user_project_wrapper: 730000 rects
user_project_wrapper: 740000 rects
user_project_wrapper: 750000 rects
user_project_wrapper: 760000 rects
user_project_wrapper: 770000 rects
user_project_wrapper: 780000 rects
user_project_wrapper: 790000 rects
user_project_wrapper: 800000 rects
user_project_wrapper: 810000 rects
user_project_wrapper: 820000 rects
user_project_wrapper: 830000 rects
user_project_wrapper: 840000 rects
user_project_wrapper: 850000 rects
user_project_wrapper: 860000 rects
user_project_wrapper: 870000 rects
user_project_wrapper: 880000 rects
user_project_wrapper: 890000 rects
user_project_wrapper: 900000 rects
user_project_wrapper: 910000 rects
user_project_wrapper: 920000 rects
user_project_wrapper: 930000 rects
user_project_wrapper: 940000 rects
user_project_wrapper: 950000 rects
user_project_wrapper: 960000 rects
user_project_wrapper: 970000 rects
user_project_wrapper: 980000 rects
user_project_wrapper: 990000 rects
user_project_wrapper: 1000000 rects
user_project_wrapper: 1010000 rects
user_project_wrapper: 1020000 rects
user_project_wrapper: 1030000 rects
user_project_wrapper: 1040000 rects
user_project_wrapper: 1050000 rects
user_project_wrapper: 1060000 rects
user_project_wrapper: 1070000 rects
user_project_wrapper: 1080000 rects
user_project_wrapper: 1090000 rects
user_project_wrapper: 1100000 rects
user_project_wrapper: 1110000 rects
user_project_wrapper: 1120000 rects
user_project_wrapper: 1130000 rects
user_project_wrapper: 1140000 rects
user_project_wrapper: 1150000 rects
user_project_wrapper: 1160000 rects
user_project_wrapper: 1170000 rects
user_project_wrapper: 1180000 rects
user_project_wrapper: 1190000 rects
user_project_wrapper: 1200000 rects
user_project_wrapper: 1210000 rects
user_project_wrapper: 1220000 rects
user_project_wrapper: 1230000 rects
user_project_wrapper: 1240000 rects
user_project_wrapper: 1250000 rects
user_project_wrapper: 1260000 rects
user_project_wrapper: 1270000 rects
user_project_wrapper: 1280000 rects
user_project_wrapper: 1290000 rects
user_project_wrapper: 1300000 rects
user_project_wrapper: 1310000 rects
user_project_wrapper: 1320000 rects
user_project_wrapper: 1330000 rects
user_project_wrapper: 1340000 rects
user_project_wrapper: 1350000 rects
user_project_wrapper: 1360000 rects
user_project_wrapper: 1370000 rects
user_project_wrapper: 1380000 rects
user_project_wrapper: 1390000 rects
user_project_wrapper: 1400000 rects
user_project_wrapper: 1410000 rects
user_project_wrapper: 1420000 rects
user_project_wrapper: 1430000 rects
user_project_wrapper: 1440000 rects
user_project_wrapper: 1450000 rects
user_project_wrapper: 1460000 rects
user_project_wrapper: 1470000 rects
user_project_wrapper: 1480000 rects
user_project_wrapper: 1490000 rects
user_project_wrapper: 1500000 rects
user_project_wrapper: 1510000 rects
user_project_wrapper: 1520000 rects
user_project_wrapper: 1530000 rects
user_project_wrapper: 1540000 rects
user_project_wrapper: 1550000 rects
user_project_wrapper: 1560000 rects
user_project_wrapper: 1570000 rects
user_project_wrapper: 1580000 rects
user_project_wrapper: 1590000 rects
user_project_wrapper: 1600000 rects
user_project_wrapper: 1610000 rects
user_project_wrapper: 1620000 rects
user_project_wrapper: 1630000 rects
user_project_wrapper: 1640000 rects
user_project_wrapper: 1650000 rects
user_project_wrapper: 1660000 rects
user_project_wrapper: 1670000 rects
user_project_wrapper: 1680000 rects
user_project_wrapper: 1690000 rects
user_project_wrapper: 1700000 rects
user_project_wrapper: 1710000 rects
user_project_wrapper: 1720000 rects
user_project_wrapper: 1730000 rects
user_project_wrapper: 1740000 rects
user_project_wrapper: 1750000 rects
user_project_wrapper: 1760000 rects
user_project_wrapper: 1770000 rects
user_project_wrapper: 1780000 rects
user_project_wrapper: 1790000 rects
user_project_wrapper: 1800000 rects
user_project_wrapper: 1810000 rects
user_project_wrapper: 1820000 rects
user_project_wrapper: 1830000 rects
user_project_wrapper: 1840000 rects
user_project_wrapper: 1850000 rects
user_project_wrapper: 1860000 rects
user_project_wrapper: 1870000 rects
user_project_wrapper: 1880000 rects
user_project_wrapper: 1890000 rects
user_project_wrapper: 1900000 rects
user_project_wrapper: 1910000 rects
user_project_wrapper: 1920000 rects
user_project_wrapper: 1930000 rects
user_project_wrapper: 1940000 rects
user_project_wrapper: 1950000 rects
user_project_wrapper: 1960000 rects
user_project_wrapper: 1970000 rects
user_project_wrapper: 1980000 rects
user_project_wrapper: 1990000 rects
user_project_wrapper: 2000000 rects
user_project_wrapper: 2010000 rects
user_project_wrapper: 2020000 rects
user_project_wrapper: 2030000 rects
user_project_wrapper: 2040000 rects
user_project_wrapper: 2050000 rects
user_project_wrapper: 2060000 rects
user_project_wrapper: 2070000 rects
user_project_wrapper: 2080000 rects
user_project_wrapper: 2090000 rects
user_project_wrapper: 2100000 rects
user_project_wrapper: 2110000 rects
user_project_wrapper: 2120000 rects
user_project_wrapper: 2130000 rects
user_project_wrapper: 2140000 rects
user_project_wrapper: 2150000 rects
user_project_wrapper: 2160000 rects
user_project_wrapper: 2170000 rects
user_project_wrapper: 2180000 rects
user_project_wrapper: 2190000 rects
user_project_wrapper: 2200000 rects
user_project_wrapper: 2210000 rects
user_project_wrapper: 2220000 rects
user_project_wrapper: 2230000 rects
user_project_wrapper: 2240000 rects
user_project_wrapper: 2250000 rects
user_project_wrapper: 2260000 rects
user_project_wrapper: 2270000 rects
user_project_wrapper: 2280000 rects
user_project_wrapper: 2290000 rects
user_project_wrapper: 2300000 rects
user_project_wrapper: 2310000 rects
user_project_wrapper: 2320000 rects
user_project_wrapper: 2330000 rects
user_project_wrapper: 2340000 rects
user_project_wrapper: 2350000 rects
user_project_wrapper: 2360000 rects
user_project_wrapper: 2370000 rects
user_project_wrapper: 2380000 rects
user_project_wrapper: 2390000 rects
user_project_wrapper: 2400000 rects
user_project_wrapper: 2410000 rects
user_project_wrapper: 2420000 rects
user_project_wrapper: 2430000 rects
user_project_wrapper: 2440000 rects
user_project_wrapper: 2450000 rects
user_project_wrapper: 2460000 rects
user_project_wrapper: 2470000 rects
user_project_wrapper: 2480000 rects
user_project_wrapper: 2490000 rects
user_project_wrapper: 2500000 rects
user_project_wrapper: 2510000 rects
user_project_wrapper: 2520000 rects
user_project_wrapper: 2530000 rects
user_project_wrapper: 2540000 rects
user_project_wrapper: 2550000 rects
user_project_wrapper: 2560000 rects
user_project_wrapper: 2570000 rects
user_project_wrapper: 2580000 rects
user_project_wrapper: 2590000 rects
user_project_wrapper: 2600000 rects
user_project_wrapper: 2610000 rects
user_project_wrapper: 2620000 rects
user_project_wrapper: 2630000 rects
Processing timestamp mismatches: sky130_sram_2kbyte_1rw1r_32x512_8.
[INFO]: Writing abstract LEF
Generating LEF output /home/serdar/Desktop/openram_demo/openram_openmpw/openlane/user_project_wrapper/runs/user_project_wrapper/results/signoff/user_project_wrapper.lef for cell user_project_wrapper:
Diagnostic:  Write LEF header for cell user_project_wrapper
Diagnostic:  Writing LEF output for cell user_project_wrapper
Warning:  Parent cell lists instance of "sky130_fd_sc_hd__conb_1" at bad file path /home/serdar/Desktop/openram_demo/openram_openmpw/openlane/user_project_wrapper/runs/user_project_wrapper/results/signoff/sky130_fd_sc_hd__conb_1.mag.
The cell exists in the search paths at /home/serdar/pdks/sky130A/libs.ref/sky130_fd_sc_hd/maglef/sky130_fd_sc_hd__conb_1.mag.
The discovered version will be used.
Warning:  Parent cell lists instance of "sky130_fd_sc_hd__clkbuf_4" at bad file path /home/serdar/Desktop/openram_demo/openram_openmpw/openlane/user_project_wrapper/runs/user_project_wrapper/results/signoff/sky130_fd_sc_hd__clkbuf_4.mag.
The cell exists in the search paths at /home/serdar/pdks/sky130A/libs.ref/sky130_fd_sc_hd/maglef/sky130_fd_sc_hd__clkbuf_4.mag.
The discovered version will be used.
Warning:  Parent cell lists instance of "sky130_fd_sc_hd__buf_4" at bad file path /home/serdar/Desktop/openram_demo/openram_openmpw/openlane/user_project_wrapper/runs/user_project_wrapper/results/signoff/sky130_fd_sc_hd__buf_4.mag.
The cell exists in the search paths at /home/serdar/pdks/sky130A/libs.ref/sky130_fd_sc_hd/maglef/sky130_fd_sc_hd__buf_4.mag.
The discovered version will be used.
Warning:  Parent cell lists instance of "sky130_fd_sc_hd__buf_6" at bad file path /home/serdar/Desktop/openram_demo/openram_openmpw/openlane/user_project_wrapper/runs/user_project_wrapper/results/signoff/sky130_fd_sc_hd__buf_6.mag.
The cell exists in the search paths at /home/serdar/pdks/sky130A/libs.ref/sky130_fd_sc_hd/maglef/sky130_fd_sc_hd__buf_6.mag.
The discovered version will be used.
Warning:  Parent cell lists instance of "sky130_fd_sc_hd__dlymetal6s2s_1" at bad file path /home/serdar/Desktop/openram_demo/openram_openmpw/openlane/user_project_wrapper/runs/user_project_wrapper/results/signoff/sky130_fd_sc_hd__dlymetal6s2s_1.mag.
The cell exists in the search paths at /home/serdar/pdks/sky130A/libs.ref/sky130_fd_sc_hd/maglef/sky130_fd_sc_hd__dlymetal6s2s_1.mag.
The discovered version will be used.
Warning:  Parent cell lists instance of "sky130_fd_sc_hd__clkdlybuf4s15_2" at bad file path /home/serdar/Desktop/openram_demo/openram_openmpw/openlane/user_project_wrapper/runs/user_project_wrapper/results/signoff/sky130_fd_sc_hd__clkdlybuf4s15_2.mag.
The cell exists in the search paths at /home/serdar/pdks/sky130A/libs.ref/sky130_fd_sc_hd/maglef/sky130_fd_sc_hd__clkdlybuf4s15_2.mag.
The discovered version will be used.
Warning:  Parent cell lists instance of "sky130_fd_sc_hd__clkdlybuf4s18_2" at bad file path /home/serdar/Desktop/openram_demo/openram_openmpw/openlane/user_project_wrapper/runs/user_project_wrapper/results/signoff/sky130_fd_sc_hd__clkdlybuf4s18_2.mag.
The cell exists in the search paths at /home/serdar/pdks/sky130A/libs.ref/sky130_fd_sc_hd/maglef/sky130_fd_sc_hd__clkdlybuf4s18_2.mag.
The discovered version will be used.
Warning:  Parent cell lists instance of "sky130_fd_sc_hd__buf_2" at bad file path /home/serdar/Desktop/openram_demo/openram_openmpw/openlane/user_project_wrapper/runs/user_project_wrapper/results/signoff/sky130_fd_sc_hd__buf_2.mag.
The cell exists in the search paths at /home/serdar/pdks/sky130A/libs.ref/sky130_fd_sc_hd/maglef/sky130_fd_sc_hd__buf_2.mag.
The discovered version will be used.
Warning:  Parent cell lists instance of "sky130_fd_sc_hd__clkbuf_2" at bad file path /home/serdar/Desktop/openram_demo/openram_openmpw/openlane/user_project_wrapper/runs/user_project_wrapper/results/signoff/sky130_fd_sc_hd__clkbuf_2.mag.
The cell exists in the search paths at /home/serdar/pdks/sky130A/libs.ref/sky130_fd_sc_hd/maglef/sky130_fd_sc_hd__clkbuf_2.mag.
The discovered version will be used.
Warning:  Parent cell lists instance of "sky130_fd_sc_hd__buf_8" at bad file path /home/serdar/Desktop/openram_demo/openram_openmpw/openlane/user_project_wrapper/runs/user_project_wrapper/results/signoff/sky130_fd_sc_hd__buf_8.mag.
The cell exists in the search paths at /home/serdar/pdks/sky130A/libs.ref/sky130_fd_sc_hd/maglef/sky130_fd_sc_hd__buf_8.mag.
The discovered version will be used.
Warning:  Parent cell lists instance of "sky130_fd_sc_hd__buf_12" at bad file path /home/serdar/Desktop/openram_demo/openram_openmpw/openlane/user_project_wrapper/runs/user_project_wrapper/results/signoff/sky130_fd_sc_hd__buf_12.mag.
The cell exists in the search paths at /home/serdar/pdks/sky130A/libs.ref/sky130_fd_sc_hd/maglef/sky130_fd_sc_hd__buf_12.mag.
The discovered version will be used.
Warning:  Parent cell lists instance of "sky130_fd_sc_hd__clkdlybuf4s25_1" at bad file path /home/serdar/Desktop/openram_demo/openram_openmpw/openlane/user_project_wrapper/runs/user_project_wrapper/results/signoff/sky130_fd_sc_hd__clkdlybuf4s25_1.mag.
The cell exists in the search paths at /home/serdar/pdks/sky130A/libs.ref/sky130_fd_sc_hd/maglef/sky130_fd_sc_hd__clkdlybuf4s25_1.mag.
The discovered version will be used.
Warning:  Parent cell lists instance of "sky130_fd_sc_hd__clkbuf_8" at bad file path /home/serdar/Desktop/openram_demo/openram_openmpw/openlane/user_project_wrapper/runs/user_project_wrapper/results/signoff/sky130_fd_sc_hd__clkbuf_8.mag.
The cell exists in the search paths at /home/serdar/pdks/sky130A/libs.ref/sky130_fd_sc_hd/maglef/sky130_fd_sc_hd__clkbuf_8.mag.
The discovered version will be used.
Warning:  Parent cell lists instance of "sky130_fd_sc_hd__clkbuf_16" at bad file path /home/serdar/Desktop/openram_demo/openram_openmpw/openlane/user_project_wrapper/runs/user_project_wrapper/results/signoff/sky130_fd_sc_hd__clkbuf_16.mag.
The cell exists in the search paths at /home/serdar/pdks/sky130A/libs.ref/sky130_fd_sc_hd/maglef/sky130_fd_sc_hd__clkbuf_16.mag.
The discovered version will be used.
Warning:  Parent cell lists instance of "sky130_fd_sc_hd__dfxtp_1" at bad file path /home/serdar/Desktop/openram_demo/openram_openmpw/openlane/user_project_wrapper/runs/user_project_wrapper/results/signoff/sky130_fd_sc_hd__dfxtp_1.mag.
The cell exists in the search paths at /home/serdar/pdks/sky130A/libs.ref/sky130_fd_sc_hd/maglef/sky130_fd_sc_hd__dfxtp_1.mag.
The discovered version will be used.
Warning:  Parent cell lists instance of "sky130_fd_sc_hd__nor2_1" at bad file path /home/serdar/Desktop/openram_demo/openram_openmpw/openlane/user_project_wrapper/runs/user_project_wrapper/results/signoff/sky130_fd_sc_hd__nor2_1.mag.
The cell exists in the search paths at /home/serdar/pdks/sky130A/libs.ref/sky130_fd_sc_hd/maglef/sky130_fd_sc_hd__nor2_1.mag.
The discovered version will be used.
Warning:  Parent cell lists instance of "sky130_fd_sc_hd__mux2_2" at bad file path /home/serdar/Desktop/openram_demo/openram_openmpw/openlane/user_project_wrapper/runs/user_project_wrapper/results/signoff/sky130_fd_sc_hd__mux2_2.mag.
The cell exists in the search paths at /home/serdar/pdks/sky130A/libs.ref/sky130_fd_sc_hd/maglef/sky130_fd_sc_hd__mux2_2.mag.
The discovered version will be used.
Warning:  Parent cell lists instance of "sky130_fd_sc_hd__o22a_1" at bad file path /home/serdar/Desktop/openram_demo/openram_openmpw/openlane/user_project_wrapper/runs/user_project_wrapper/results/signoff/sky130_fd_sc_hd__o22a_1.mag.
The cell exists in the search paths at /home/serdar/pdks/sky130A/libs.ref/sky130_fd_sc_hd/maglef/sky130_fd_sc_hd__o22a_1.mag.
The discovered version will be used.
Warning:  Parent cell lists instance of "sky130_fd_sc_hd__a22o_1" at bad file path /home/serdar/Desktop/openram_demo/openram_openmpw/openlane/user_project_wrapper/runs/user_project_wrapper/results/signoff/sky130_fd_sc_hd__a22o_1.mag.
The cell exists in the search paths at /home/serdar/pdks/sky130A/libs.ref/sky130_fd_sc_hd/maglef/sky130_fd_sc_hd__a22o_1.mag.
The discovered version will be used.
Warning:  Parent cell lists instance of "sky130_fd_sc_hd__o21a_1" at bad file path /home/serdar/Desktop/openram_demo/openram_openmpw/openlane/user_project_wrapper/runs/user_project_wrapper/results/signoff/sky130_fd_sc_hd__o21a_1.mag.
The cell exists in the search paths at /home/serdar/pdks/sky130A/libs.ref/sky130_fd_sc_hd/maglef/sky130_fd_sc_hd__o21a_1.mag.
The discovered version will be used.
Warning:  Parent cell lists instance of "sky130_fd_sc_hd__o22a_2" at bad file path /home/serdar/Desktop/openram_demo/openram_openmpw/openlane/user_project_wrapper/runs/user_project_wrapper/results/signoff/sky130_fd_sc_hd__o22a_2.mag.
The cell exists in the search paths at /home/serdar/pdks/sky130A/libs.ref/sky130_fd_sc_hd/maglef/sky130_fd_sc_hd__o22a_2.mag.
The discovered version will be used.
Warning:  Parent cell lists instance of "sky130_fd_sc_hd__buf_1" at bad file path /home/serdar/Desktop/openram_demo/openram_openmpw/openlane/user_project_wrapper/runs/user_project_wrapper/results/signoff/sky130_fd_sc_hd__buf_1.mag.
The cell exists in the search paths at /home/serdar/pdks/sky130A/libs.ref/sky130_fd_sc_hd/maglef/sky130_fd_sc_hd__buf_1.mag.
The discovered version will be used.
Warning:  Parent cell lists instance of "sky130_fd_sc_hd__or3b_1" at bad file path /home/serdar/Desktop/openram_demo/openram_openmpw/openlane/user_project_wrapper/runs/user_project_wrapper/results/signoff/sky130_fd_sc_hd__or3b_1.mag.
The cell exists in the search paths at /home/serdar/pdks/sky130A/libs.ref/sky130_fd_sc_hd/maglef/sky130_fd_sc_hd__or3b_1.mag.
The discovered version will be used.
Warning:  Parent cell lists instance of "sky130_fd_sc_hd__and2_1" at bad file path /home/serdar/Desktop/openram_demo/openram_openmpw/openlane/user_project_wrapper/runs/user_project_wrapper/results/signoff/sky130_fd_sc_hd__and2_1.mag.
The cell exists in the search paths at /home/serdar/pdks/sky130A/libs.ref/sky130_fd_sc_hd/maglef/sky130_fd_sc_hd__and2_1.mag.
The discovered version will be used.
Warning:  Parent cell lists instance of "sky130_fd_sc_hd__or4_2" at bad file path /home/serdar/Desktop/openram_demo/openram_openmpw/openlane/user_project_wrapper/runs/user_project_wrapper/results/signoff/sky130_fd_sc_hd__or4_2.mag.
The cell exists in the search paths at /home/serdar/pdks/sky130A/libs.ref/sky130_fd_sc_hd/maglef/sky130_fd_sc_hd__or4_2.mag.
The discovered version will be used.
Warning:  Parent cell lists instance of "sky130_fd_sc_hd__or4_1" at bad file path /home/serdar/Desktop/openram_demo/openram_openmpw/openlane/user_project_wrapper/runs/user_project_wrapper/results/signoff/sky130_fd_sc_hd__or4_1.mag.
The cell exists in the search paths at /home/serdar/pdks/sky130A/libs.ref/sky130_fd_sc_hd/maglef/sky130_fd_sc_hd__or4_1.mag.
The discovered version will be used.
Warning:  Parent cell lists instance of "sky130_fd_sc_hd__inv_2" at bad file path /home/serdar/Desktop/openram_demo/openram_openmpw/openlane/user_project_wrapper/runs/user_project_wrapper/results/signoff/sky130_fd_sc_hd__inv_2.mag.
The cell exists in the search paths at /home/serdar/pdks/sky130A/libs.ref/sky130_fd_sc_hd/maglef/sky130_fd_sc_hd__inv_2.mag.
The discovered version will be used.
Warning:  Parent cell lists instance of "sky130_fd_sc_hd__or3_1" at bad file path /home/serdar/Desktop/openram_demo/openram_openmpw/openlane/user_project_wrapper/runs/user_project_wrapper/results/signoff/sky130_fd_sc_hd__or3_1.mag.
The cell exists in the search paths at /home/serdar/pdks/sky130A/libs.ref/sky130_fd_sc_hd/maglef/sky130_fd_sc_hd__or3_1.mag.
The discovered version will be used.
Warning:  Parent cell lists instance of "sky130_fd_sc_hd__or2_1" at bad file path /home/serdar/Desktop/openram_demo/openram_openmpw/openlane/user_project_wrapper/runs/user_project_wrapper/results/signoff/sky130_fd_sc_hd__or2_1.mag.
The cell exists in the search paths at /home/serdar/pdks/sky130A/libs.ref/sky130_fd_sc_hd/maglef/sky130_fd_sc_hd__or2_1.mag.
The discovered version will be used.
Warning:  Parent cell lists instance of "sky130_fd_sc_hd__nand3b_1" at bad file path /home/serdar/Desktop/openram_demo/openram_openmpw/openlane/user_project_wrapper/runs/user_project_wrapper/results/signoff/sky130_fd_sc_hd__nand3b_1.mag.
The cell exists in the search paths at /home/serdar/pdks/sky130A/libs.ref/sky130_fd_sc_hd/maglef/sky130_fd_sc_hd__nand3b_1.mag.
The discovered version will be used.
Warning:  Parent cell lists instance of "sky130_fd_sc_hd__tapvpwrvgnd_1" at bad file path /home/serdar/Desktop/openram_demo/openram_openmpw/openlane/user_project_wrapper/runs/user_project_wrapper/results/signoff/sky130_fd_sc_hd__tapvpwrvgnd_1.mag.
The cell exists in the search paths at /home/serdar/pdks/sky130A/libs.ref/sky130_fd_sc_hd/maglef/sky130_fd_sc_hd__tapvpwrvgnd_1.mag.
The discovered version will be used.
Warning:  Parent cell lists instance of "sky130_fd_sc_hd__decap_3" at bad file path /home/serdar/Desktop/openram_demo/openram_openmpw/openlane/user_project_wrapper/runs/user_project_wrapper/results/signoff/sky130_fd_sc_hd__decap_3.mag.
The cell exists in the search paths at /home/serdar/pdks/sky130A/libs.ref/sky130_fd_sc_hd/maglef/sky130_fd_sc_hd__decap_3.mag.
The discovered version will be used.
Warning:  Parent cell lists instance of "sky130_fd_sc_hd__diode_2" at bad file path /home/serdar/Desktop/openram_demo/openram_openmpw/openlane/user_project_wrapper/runs/user_project_wrapper/results/signoff/sky130_fd_sc_hd__diode_2.mag.
The cell exists in the search paths at /home/serdar/pdks/sky130A/libs.ref/sky130_fd_sc_hd/maglef/sky130_fd_sc_hd__diode_2.mag.
The discovered version will be used.
Warning:  Parent cell lists instance of "sky130_fd_sc_hd__fill_1" at bad file path /home/serdar/Desktop/openram_demo/openram_openmpw/openlane/user_project_wrapper/runs/user_project_wrapper/results/signoff/sky130_fd_sc_hd__fill_1.mag.
The cell exists in the search paths at /home/serdar/pdks/sky130A/libs.ref/sky130_fd_sc_hd/maglef/sky130_fd_sc_hd__fill_1.mag.
The discovered version will be used.
Warning:  Parent cell lists instance of "sky130_fd_sc_hd__decap_6" at bad file path /home/serdar/Desktop/openram_demo/openram_openmpw/openlane/user_project_wrapper/runs/user_project_wrapper/results/signoff/sky130_fd_sc_hd__decap_6.mag.
The cell exists in the search paths at /home/serdar/pdks/sky130A/libs.ref/sky130_fd_sc_hd/maglef/sky130_fd_sc_hd__decap_6.mag.
The discovered version will be used.
Warning:  Parent cell lists instance of "sky130_fd_sc_hd__decap_12" at bad file path /home/serdar/Desktop/openram_demo/openram_openmpw/openlane/user_project_wrapper/runs/user_project_wrapper/results/signoff/sky130_fd_sc_hd__decap_12.mag.
The cell exists in the search paths at /home/serdar/pdks/sky130A/libs.ref/sky130_fd_sc_hd/maglef/sky130_fd_sc_hd__decap_12.mag.
The discovered version will be used.
Warning:  Parent cell lists instance of "sky130_fd_sc_hd__decap_8" at bad file path /home/serdar/Desktop/openram_demo/openram_openmpw/openlane/user_project_wrapper/runs/user_project_wrapper/results/signoff/sky130_fd_sc_hd__decap_8.mag.
The cell exists in the search paths at /home/serdar/pdks/sky130A/libs.ref/sky130_fd_sc_hd/maglef/sky130_fd_sc_hd__decap_8.mag.
The discovered version will be used.
Warning:  Parent cell lists instance of "sky130_fd_sc_hd__decap_4" at bad file path /home/serdar/Desktop/openram_demo/openram_openmpw/openlane/user_project_wrapper/runs/user_project_wrapper/results/signoff/sky130_fd_sc_hd__decap_4.mag.
The cell exists in the search paths at /home/serdar/pdks/sky130A/libs.ref/sky130_fd_sc_hd/maglef/sky130_fd_sc_hd__decap_4.mag.
The discovered version will be used.
Warning:  Parent cell lists instance of "sky130_fd_sc_hd__fill_2" at bad file path /home/serdar/Desktop/openram_demo/openram_openmpw/openlane/user_project_wrapper/runs/user_project_wrapper/results/signoff/sky130_fd_sc_hd__fill_2.mag.
The cell exists in the search paths at /home/serdar/pdks/sky130A/libs.ref/sky130_fd_sc_hd/maglef/sky130_fd_sc_hd__fill_2.mag.
The discovered version will be used.
Diagnostic:  Scale value is 0.005000
[INFO]: LEF Write Complete
Using technology "sky130A", version 1.0.291-36-g41c0908
