First Layout: /home/serdar/Desktop/openram_demo/openram_openmpw/openlane/user_project_wrapper/runs/user_project_wrapper/results/signoff/user_project_wrapper.gds
Second Layout: /home/serdar/Desktop/openram_demo/openram_openmpw/openlane/user_project_wrapper/runs/user_project_wrapper/results/signoff/user_project_wrapper.klayout.gds
Design Name: user_project_wrapper
Output GDS will be: /home/serdar/Desktop/openram_demo/openram_openmpw/openlane/user_project_wrapper/runs/user_project_wrapper/reports/signoff/user_project_wrapper.xor.xml
Reading /home/serdar/Desktop/openram_demo/openram_openmpw/openlane/user_project_wrapper/runs/user_project_wrapper/results/signoff/user_project_wrapper.gds ..
Reading /home/serdar/Desktop/openram_demo/openram_openmpw/openlane/user_project_wrapper/runs/user_project_wrapper/results/signoff/user_project_wrapper.klayout.gds ..
--- Running XOR for 122/16 ---
"input" in: xor.drc:38
    Polygons (raw): 771674 (flat)  42 (hierarchical)
    Elapsed: 0.000s  Memory: 1668.00M
"input" in: xor.drc:38
    Polygons (raw): 771674 (flat)  42 (hierarchical)
    Elapsed: 0.000s  Memory: 1668.00M
"^" in: xor.drc:38
    Polygons (raw): 0 (flat)  0 (hierarchical)
    Elapsed: 7.350s  Memory: 1670.00M
XOR differences: 0
"output" in: xor.drc:40
    Polygons (raw): 0 (flat)  0 (hierarchical)
    Elapsed: 0.020s  Memory: 1670.00M
--- Running XOR for 22/21 ---
"input" in: xor.drc:38
    Polygons (raw): 939184 (flat)  35 (hierarchical)
    Elapsed: 0.000s  Memory: 1670.00M
"input" in: xor.drc:38
    Polygons (raw): 939184 (flat)  35 (hierarchical)
    Elapsed: 0.010s  Memory: 1670.00M
"^" in: xor.drc:38
    Polygons (raw): 0 (flat)  0 (hierarchical)
    Elapsed: 5.720s  Memory: 1699.00M
XOR differences: 0
"output" in: xor.drc:40
    Polygons (raw): 0 (flat)  0 (hierarchical)
    Elapsed: 0.020s  Memory: 1699.00M
--- Running XOR for 22/22 ---
"input" in: xor.drc:38
    Polygons (raw): 270400 (flat)  12 (hierarchical)
    Elapsed: 0.000s  Memory: 1699.00M
"input" in: xor.drc:38
    Polygons (raw): 270400 (flat)  12 (hierarchical)
    Elapsed: 0.000s  Memory: 1699.00M
"^" in: xor.drc:38
    Polygons (raw): 0 (flat)  0 (hierarchical)
    Elapsed: 1.910s  Memory: 1699.00M
XOR differences: 0
"output" in: xor.drc:40
    Polygons (raw): 0 (flat)  0 (hierarchical)
    Elapsed: 0.010s  Memory: 1699.00M
--- Running XOR for 235/0 ---
"input" in: xor.drc:38
    Polygons (raw): 405600 (flat)  18 (hierarchical)
    Elapsed: 0.000s  Memory: 1699.00M
"input" in: xor.drc:38
    Polygons (raw): 405600 (flat)  18 (hierarchical)
    Elapsed: 0.010s  Memory: 1699.00M
"^" in: xor.drc:38
    Polygons (raw): 0 (flat)  0 (hierarchical)
    Elapsed: 3.260s  Memory: 1679.00M
XOR differences: 0
"output" in: xor.drc:40
    Polygons (raw): 0 (flat)  0 (hierarchical)
    Elapsed: 0.020s  Memory: 1679.00M
--- Running XOR for 235/4 ---
"input" in: xor.drc:38
    Polygons (raw): 230313 (flat)  201 (hierarchical)
    Elapsed: 0.000s  Memory: 1679.00M
"input" in: xor.drc:38
    Polygons (raw): 230313 (flat)  201 (hierarchical)
    Elapsed: 0.000s  Memory: 1679.00M
"^" in: xor.drc:38
    Polygons (raw): 0 (flat)  0 (hierarchical)
    Elapsed: 4.630s  Memory: 1722.00M
XOR differences: 0
"output" in: xor.drc:40
    Polygons (raw): 0 (flat)  0 (hierarchical)
    Elapsed: 0.000s  Memory: 1722.00M
--- Running XOR for 236/0 ---
"input" in: xor.drc:38
    Polygons (raw): 643399 (flat)  38 (hierarchical)
    Elapsed: 0.000s  Memory: 1722.00M
"input" in: xor.drc:38
    Polygons (raw): 643399 (flat)  38 (hierarchical)
    Elapsed: 0.000s  Memory: 1722.00M
"^" in: xor.drc:38
    Polygons (raw): 0 (flat)  0 (hierarchical)
    Elapsed: 6.470s  Memory: 1741.00M
XOR differences: 0
"output" in: xor.drc:40
    Polygons (raw): 0 (flat)  0 (hierarchical)
    Elapsed: 0.000s  Memory: 1741.00M
--- Running XOR for 33/42 ---
"input" in: xor.drc:38
    Polygons (raw): 3256240 (flat)  155 (hierarchical)
    Elapsed: 0.000s  Memory: 1741.00M
"input" in: xor.drc:38
    Polygons (raw): 3256240 (flat)  155 (hierarchical)
    Elapsed: 0.000s  Memory: 1741.00M
"^" in: xor.drc:38
    Polygons (raw): 0 (flat)  0 (hierarchical)
    Elapsed: 30.550s  Memory: 2368.00M
XOR differences: 0
"output" in: xor.drc:40
    Polygons (raw): 0 (flat)  0 (hierarchical)
    Elapsed: 0.000s  Memory: 2368.00M
--- Running XOR for 33/43 ---
"input" in: xor.drc:38
    Polygons (raw): 4004000 (flat)  192 (hierarchical)
    Elapsed: 0.000s  Memory: 2368.00M
"input" in: xor.drc:38
    Polygons (raw): 4004000 (flat)  192 (hierarchical)
    Elapsed: 0.000s  Memory: 2368.00M
"^" in: xor.drc:38
    Polygons (raw): 0 (flat)  0 (hierarchical)
    Elapsed: 30.630s  Memory: 2368.00M
XOR differences: 0
"output" in: xor.drc:40
    Polygons (raw): 0 (flat)  0 (hierarchical)
    Elapsed: 0.000s  Memory: 2368.00M
--- Running XOR for 64/16 ---
"input" in: xor.drc:38
    Polygons (raw): 771674 (flat)  42 (hierarchical)
    Elapsed: 0.010s  Memory: 2368.00M
"input" in: xor.drc:38
    Polygons (raw): 771674 (flat)  42 (hierarchical)
    Elapsed: 0.000s  Memory: 2368.00M
"^" in: xor.drc:38
    Polygons (raw): 0 (flat)  0 (hierarchical)
    Elapsed: 7.440s  Memory: 2368.00M
XOR differences: 0
"output" in: xor.drc:40
    Polygons (raw): 0 (flat)  0 (hierarchical)
    Elapsed: 0.000s  Memory: 2368.00M
--- Running XOR for 64/18 ---
"input" in: xor.drc:38
    Polygons (raw): 4 (flat)  1 (hierarchical)
    Elapsed: 0.000s  Memory: 2368.00M
"input" in: xor.drc:38
    Polygons (raw): 4 (flat)  1 (hierarchical)
    Elapsed: 0.000s  Memory: 2368.00M
"^" in: xor.drc:38
    Polygons (raw): 0 (flat)  0 (hierarchical)
    Elapsed: 0.470s  Memory: 2368.00M
XOR differences: 0
"output" in: xor.drc:40
    Polygons (raw): 0 (flat)  0 (hierarchical)
    Elapsed: 0.000s  Memory: 2368.00M
--- Running XOR for 64/20 ---
"input" in: xor.drc:38
    Polygons (raw): 1002660 (flat)  114 (hierarchical)
    Elapsed: 0.000s  Memory: 2368.00M
"input" in: xor.drc:38
    Polygons (raw): 1002660 (flat)  114 (hierarchical)
    Elapsed: 0.000s  Memory: 2368.00M
"^" in: xor.drc:38
    Polygons (raw): 0 (flat)  0 (hierarchical)
    Elapsed: 12.350s  Memory: 2368.00M
XOR differences: 0
"output" in: xor.drc:40
    Polygons (raw): 0 (flat)  0 (hierarchical)
    Elapsed: 0.000s  Memory: 2368.00M
--- Running XOR for 64/5 ---
"input" in: xor.drc:38
    Polygons (raw): 0 (flat)  0 (hierarchical)
    Elapsed: 0.000s  Memory: 2368.00M
"input" in: xor.drc:38
    Polygons (raw): 0 (flat)  0 (hierarchical)
    Elapsed: 0.010s  Memory: 2368.00M
"^" in: xor.drc:38
    Polygons (raw): 0 (flat)  0 (hierarchical)
    Elapsed: 2.270s  Memory: 2368.00M
XOR differences: 0
"output" in: xor.drc:40
    Polygons (raw): 0 (flat)  0 (hierarchical)
    Elapsed: 0.000s  Memory: 2368.00M
--- Running XOR for 64/59 ---
"input" in: xor.drc:38
    Polygons (raw): 0 (flat)  0 (hierarchical)
    Elapsed: 0.000s  Memory: 2368.00M
"input" in: xor.drc:38
    Polygons (raw): 0 (flat)  0 (hierarchical)
    Elapsed: 0.000s  Memory: 2368.00M
"^" in: xor.drc:38
    Polygons (raw): 0 (flat)  0 (hierarchical)
    Elapsed: 2.240s  Memory: 2368.00M
XOR differences: 0
"output" in: xor.drc:40
    Polygons (raw): 0 (flat)  0 (hierarchical)
    Elapsed: 0.000s  Memory: 2368.00M
--- Running XOR for 65/20 ---
"input" in: xor.drc:38
    Polygons (raw): 1873064 (flat)  190 (hierarchical)
    Elapsed: 0.000s  Memory: 2368.00M
"input" in: xor.drc:38
    Polygons (raw): 1873064 (flat)  190 (hierarchical)
    Elapsed: 0.000s  Memory: 2368.00M
"^" in: xor.drc:38
    Polygons (raw): 0 (flat)  0 (hierarchical)
    Elapsed: 13.620s  Memory: 2368.00M
XOR differences: 0
"output" in: xor.drc:40
    Polygons (raw): 0 (flat)  0 (hierarchical)
    Elapsed: 0.000s  Memory: 2368.00M
--- Running XOR for 65/44 ---
"input" in: xor.drc:38
    Polygons (raw): 476808 (flat)  31 (hierarchical)
    Elapsed: 0.000s  Memory: 2368.00M
"input" in: xor.drc:38
    Polygons (raw): 476808 (flat)  31 (hierarchical)
    Elapsed: 0.000s  Memory: 2368.00M
"^" in: xor.drc:38
    Polygons (raw): 0 (flat)  0 (hierarchical)
    Elapsed: 3.830s  Memory: 2368.00M
XOR differences: 0
"output" in: xor.drc:40
    Polygons (raw): 0 (flat)  0 (hierarchical)
    Elapsed: 0.000s  Memory: 2368.00M
--- Running XOR for 65/5 ---
"input" in: xor.drc:38
    Polygons (raw): 0 (flat)  0 (hierarchical)
    Elapsed: 0.000s  Memory: 2368.00M
"input" in: xor.drc:38
    Polygons (raw): 0 (flat)  0 (hierarchical)
    Elapsed: 0.000s  Memory: 2368.00M
"^" in: xor.drc:38
    Polygons (raw): 0 (flat)  0 (hierarchical)
    Elapsed: 0.500s  Memory: 2368.00M
XOR differences: 0
"output" in: xor.drc:40
    Polygons (raw): 0 (flat)  0 (hierarchical)
    Elapsed: 0.010s  Memory: 2368.00M
--- Running XOR for 66/15 ---
"input" in: xor.drc:38
    Polygons (raw): 326 (flat)  2 (hierarchical)
    Elapsed: 0.000s  Memory: 2368.00M
"input" in: xor.drc:38
    Polygons (raw): 326 (flat)  2 (hierarchical)
    Elapsed: 0.000s  Memory: 2368.00M
"^" in: xor.drc:38
    Polygons (raw): 0 (flat)  0 (hierarchical)
    Elapsed: 0.690s  Memory: 2368.00M
XOR differences: 0
"output" in: xor.drc:40
    Polygons (raw): 0 (flat)  0 (hierarchical)
    Elapsed: 0.000s  Memory: 2368.00M
--- Running XOR for 66/20 ---
"input" in: xor.drc:38
    Polygons (raw): 2466180 (flat)  1114 (hierarchical)
    Elapsed: 0.000s  Memory: 2368.00M
"input" in: xor.drc:38
    Polygons (raw): 2466180 (flat)  1114 (hierarchical)
    Elapsed: 0.000s  Memory: 2368.00M
"^" in: xor.drc:38
    Polygons (raw): 0 (flat)  0 (hierarchical)
    Elapsed: 23.440s  Memory: 2368.00M
XOR differences: 0
"output" in: xor.drc:40
    Polygons (raw): 0 (flat)  0 (hierarchical)
    Elapsed: 0.010s  Memory: 2368.00M
--- Running XOR for 66/44 ---
"input" in: xor.drc:38
    Polygons (raw): 11593127 (flat)  1193 (hierarchical)
    Elapsed: 0.000s  Memory: 2368.00M
"input" in: xor.drc:38
    Polygons (raw): 11593127 (flat)  1193 (hierarchical)
    Elapsed: 0.000s  Memory: 2368.00M
"^" in: xor.drc:38
    Polygons (raw): 0 (flat)  0 (hierarchical)
    Elapsed: 63.520s  Memory: 2368.00M
XOR differences: 0
"output" in: xor.drc:40
    Polygons (raw): 0 (flat)  0 (hierarchical)
    Elapsed: 0.000s  Memory: 2368.00M
--- Running XOR for 66/5 ---
"input" in: xor.drc:38
    Polygons (raw): 0 (flat)  0 (hierarchical)
    Elapsed: 0.000s  Memory: 2368.00M
"input" in: xor.drc:38
    Polygons (raw): 0 (flat)  0 (hierarchical)
    Elapsed: 0.000s  Memory: 2368.00M
"^" in: xor.drc:38
    Polygons (raw): 0 (flat)  0 (hierarchical)
    Elapsed: 0.600s  Memory: 2368.00M
XOR differences: 0
"output" in: xor.drc:40
    Polygons (raw): 0 (flat)  0 (hierarchical)
    Elapsed: 0.000s  Memory: 2368.00M
--- Running XOR for 66/83 ---
"input" in: xor.drc:38
    Polygons (raw): 0 (flat)  0 (hierarchical)
    Elapsed: 0.010s  Memory: 2368.00M
"input" in: xor.drc:38
    Polygons (raw): 0 (flat)  0 (hierarchical)
    Elapsed: 0.000s  Memory: 2368.00M
"^" in: xor.drc:38
    Polygons (raw): 0 (flat)  0 (hierarchical)
    Elapsed: 0.940s  Memory: 2368.00M
XOR differences: 0
"output" in: xor.drc:40
    Polygons (raw): 0 (flat)  0 (hierarchical)
    Elapsed: 0.010s  Memory: 2368.00M
--- Running XOR for 67/16 ---
"input" in: xor.drc:38
    Polygons (raw): 19290 (flat)  231 (hierarchical)
    Elapsed: 0.000s  Memory: 2368.00M
"input" in: xor.drc:38
    Polygons (raw): 19290 (flat)  231 (hierarchical)
    Elapsed: 0.000s  Memory: 2368.00M
"^" in: xor.drc:38
    Polygons (raw): 0 (flat)  0 (hierarchical)
    Elapsed: 0.830s  Memory: 2368.00M
XOR differences: 0
"output" in: xor.drc:40
    Polygons (raw): 0 (flat)  0 (hierarchical)
    Elapsed: 0.010s  Memory: 2368.00M
--- Running XOR for 67/20 ---
"input" in: xor.drc:38
    Polygons (raw): 4449338 (flat)  10350 (hierarchical)
    Elapsed: 0.000s  Memory: 2368.00M
"input" in: xor.drc:38
    Polygons (raw): 4449338 (flat)  5264 (hierarchical)
    Elapsed: 0.000s  Memory: 2368.00M
"^" in: xor.drc:38
    Polygons (raw): 0 (flat)  0 (hierarchical)
    Elapsed: 46.880s  Memory: 2368.00M
XOR differences: 0
"output" in: xor.drc:40
    Polygons (raw): 0 (flat)  0 (hierarchical)
    Elapsed: 0.020s  Memory: 2368.00M
--- Running XOR for 67/44 ---
"input" in: xor.drc:38
    Polygons (raw): 16031577 (flat)  5777 (hierarchical)
    Elapsed: 0.070s  Memory: 2368.00M
"input" in: xor.drc:38
    Polygons (raw): 16031577 (flat)  691 (hierarchical)
    Elapsed: 0.000s  Memory: 2368.00M
"^" in: xor.drc:38
    Polygons (raw): 0 (flat)  0 (hierarchical)
    Elapsed: 81.410s  Memory: 2368.00M
XOR differences: 0
"output" in: xor.drc:40
    Polygons (raw): 0 (flat)  0 (hierarchical)
    Elapsed: 0.010s  Memory: 2368.00M
--- Running XOR for 67/5 ---
"input" in: xor.drc:38
    Polygons (raw): 0 (flat)  0 (hierarchical)
    Elapsed: 0.000s  Memory: 2368.00M
"input" in: xor.drc:38
    Polygons (raw): 0 (flat)  0 (hierarchical)
    Elapsed: 0.010s  Memory: 2368.00M
"^" in: xor.drc:38
    Polygons (raw): 0 (flat)  0 (hierarchical)
    Elapsed: 0.750s  Memory: 2368.00M
XOR differences: 0
"output" in: xor.drc:40
    Polygons (raw): 0 (flat)  0 (hierarchical)
    Elapsed: 0.000s  Memory: 2368.00M
--- Running XOR for 68/16 ---
"input" in: xor.drc:38
    Polygons (raw): 2212584 (flat)  110 (hierarchical)
    Elapsed: 0.010s  Memory: 2368.00M
"input" in: xor.drc:38
    Polygons (raw): 2212584 (flat)  110 (hierarchical)
    Elapsed: 0.000s  Memory: 2368.00M
"^" in: xor.drc:38
    Polygons (raw): 0 (flat)  0 (hierarchical)
    Elapsed: 16.320s  Memory: 2368.00M
XOR differences: 0
"output" in: xor.drc:40
    Polygons (raw): 0 (flat)  0 (hierarchical)
    Elapsed: 0.010s  Memory: 2368.00M
--- Running XOR for 68/20 ---
"input" in: xor.drc:38
    Polygons (raw): 4463749 (flat)  65760 (hierarchical)
    Elapsed: 0.000s  Memory: 2368.00M
"input" in: xor.drc:38
    Polygons (raw): 4474065 (flat)  42764 (hierarchical)
    Elapsed: 0.000s  Memory: 2368.00M
"^" in: xor.drc:38
    Polygons (raw): 0 (flat)  0 (hierarchical)
    Elapsed: 74.440s  Memory: 6979.00M
XOR differences: 0
"output" in: xor.drc:40
    Polygons (raw): 0 (flat)  0 (hierarchical)
    Elapsed: 0.000s  Memory: 6979.00M
--- Running XOR for 68/44 ---
"input" in: xor.drc:38
    Polygons (raw): 1017721 (flat)  182612 (hierarchical)
    Elapsed: 0.050s  Memory: 6979.00M
"input" in: xor.drc:38
    Polygons (raw): 1017721 (flat)  73 (hierarchical)
    Elapsed: 0.000s  Memory: 6979.00M
"^" in: xor.drc:38
    Polygons (raw): 0 (flat)  0 (hierarchical)
    Elapsed: 6.210s  Memory: 6979.00M
XOR differences: 0
"output" in: xor.drc:40
    Polygons (raw): 0 (flat)  0 (hierarchical)
    Elapsed: 0.000s  Memory: 6979.00M
--- Running XOR for 68/5 ---
"input" in: xor.drc:38
    Polygons (raw): 461336 (flat)  21813 (hierarchical)
    Elapsed: 0.000s  Memory: 6979.00M
"input" in: xor.drc:38
    Polygons (raw): 461336 (flat)  21813 (hierarchical)
    Elapsed: 0.000s  Memory: 6979.00M
"^" in: xor.drc:38
    Polygons (raw): 0 (flat)  0 (hierarchical)
    Elapsed: 10.780s  Memory: 6979.00M
XOR differences: 0
"output" in: xor.drc:40
    Polygons (raw): 0 (flat)  0 (hierarchical)
    Elapsed: 0.000s  Memory: 6979.00M
--- Running XOR for 69/16 ---
"input" in: xor.drc:38
    Polygons (raw): 276130 (flat)  547 (hierarchical)
    Elapsed: 0.000s  Memory: 6979.00M
"input" in: xor.drc:38
    Polygons (raw): 276130 (flat)  547 (hierarchical)
    Elapsed: 0.010s  Memory: 6979.00M
"^" in: xor.drc:38
    Polygons (raw): 0 (flat)  0 (hierarchical)
    Elapsed: 2.530s  Memory: 6979.00M
XOR differences: 0
"output" in: xor.drc:40
    Polygons (raw): 0 (flat)  0 (hierarchical)
    Elapsed: 0.010s  Memory: 6979.00M
--- Running XOR for 69/20 ---
"input" in: xor.drc:38
    Polygons (raw): 1934694 (flat)  68655 (hierarchical)
    Elapsed: 0.000s  Memory: 6979.00M
"input" in: xor.drc:38
    Polygons (raw): 1972915 (flat)  57360 (hierarchical)
    Elapsed: 0.000s  Memory: 6979.00M
"^" in: xor.drc:38
    Polygons (raw): 530 (flat)  530 (hierarchical)
    Elapsed: 18.460s  Memory: 6979.00M
XOR differences: 530
"output" in: xor.drc:40
    Polygons (raw): 530 (flat)  530 (hierarchical)
    Elapsed: 0.010s  Memory: 6979.00M
--- Running XOR for 69/44 ---
"input" in: xor.drc:38
    Polygons (raw): 157431 (flat)  137004 (hierarchical)
    Elapsed: 0.000s  Memory: 6979.00M
"input" in: xor.drc:38
    Polygons (raw): 157431 (flat)  19 (hierarchical)
    Elapsed: 0.000s  Memory: 6979.00M
"^" in: xor.drc:38
    Polygons (raw): 0 (flat)  0 (hierarchical)
    Elapsed: 1.530s  Memory: 6979.00M
XOR differences: 0
"output" in: xor.drc:40
    Polygons (raw): 0 (flat)  0 (hierarchical)
    Elapsed: 0.010s  Memory: 6979.00M
--- Running XOR for 69/5 ---
"input" in: xor.drc:38
    Polygons (raw): 388188 (flat)  27454 (hierarchical)
    Elapsed: 0.000s  Memory: 6979.00M
"input" in: xor.drc:38
    Polygons (raw): 388188 (flat)  27454 (hierarchical)
    Elapsed: 0.000s  Memory: 6979.00M
"^" in: xor.drc:38
    Polygons (raw): 0 (flat)  0 (hierarchical)
    Elapsed: 3.130s  Memory: 6979.00M
XOR differences: 0
"output" in: xor.drc:40
    Polygons (raw): 0 (flat)  0 (hierarchical)
    Elapsed: 0.000s  Memory: 6979.00M
--- Running XOR for 70/16 ---
"input" in: xor.drc:38
    Polygons (raw): 107 (flat)  107 (hierarchical)
    Elapsed: 0.000s  Memory: 6979.00M
"input" in: xor.drc:38
    Polygons (raw): 107 (flat)  107 (hierarchical)
    Elapsed: 0.010s  Memory: 6979.00M
"^" in: xor.drc:38
    Polygons (raw): 0 (flat)  0 (hierarchical)
    Elapsed: 0.700s  Memory: 6979.00M
XOR differences: 0
"output" in: xor.drc:40
    Polygons (raw): 0 (flat)  0 (hierarchical)
    Elapsed: 0.000s  Memory: 6979.00M
--- Running XOR for 70/20 ---
"input" in: xor.drc:38
    Polygons (raw): 171734 (flat)  52273 (hierarchical)
    Elapsed: 0.000s  Memory: 6979.00M
"input" in: xor.drc:38
    Polygons (raw): 207899 (flat)  47302 (hierarchical)
    Elapsed: 0.010s  Memory: 6979.00M
"^" in: xor.drc:38
    Polygons (raw): 107 (flat)  107 (hierarchical)
    Elapsed: 2.490s  Memory: 6979.00M
XOR differences: 107
"output" in: xor.drc:40
    Polygons (raw): 107 (flat)  107 (hierarchical)
    Elapsed: 0.000s  Memory: 6979.00M
--- Running XOR for 70/44 ---
"input" in: xor.drc:38
    Polygons (raw): 150883 (flat)  135557 (hierarchical)
    Elapsed: 0.000s  Memory: 6979.00M
"input" in: xor.drc:38
    Polygons (raw): 150883 (flat)  16 (hierarchical)
    Elapsed: 0.000s  Memory: 6979.00M
"^" in: xor.drc:38
    Polygons (raw): 0 (flat)  0 (hierarchical)
    Elapsed: 1.410s  Memory: 6979.00M
XOR differences: 0
"output" in: xor.drc:40
    Polygons (raw): 0 (flat)  0 (hierarchical)
    Elapsed: 0.000s  Memory: 6979.00M
--- Running XOR for 70/5 ---
"input" in: xor.drc:38
    Polygons (raw): 37544 (flat)  7974 (hierarchical)
    Elapsed: 0.000s  Memory: 6979.00M
"input" in: xor.drc:38
    Polygons (raw): 37544 (flat)  7974 (hierarchical)
    Elapsed: 0.000s  Memory: 6979.00M
"^" in: xor.drc:38
    Polygons (raw): 0 (flat)  0 (hierarchical)
    Elapsed: 0.840s  Memory: 6979.00M
XOR differences: 0
"output" in: xor.drc:40
    Polygons (raw): 0 (flat)  0 (hierarchical)
    Elapsed: 0.000s  Memory: 6979.00M
--- Running XOR for 71/16 ---
"input" in: xor.drc:38
    Polygons (raw): 255 (flat)  255 (hierarchical)
    Elapsed: 0.010s  Memory: 6979.00M
"input" in: xor.drc:38
    Polygons (raw): 255 (flat)  255 (hierarchical)
    Elapsed: 0.000s  Memory: 6979.00M
"^" in: xor.drc:38
    Polygons (raw): 0 (flat)  0 (hierarchical)
    Elapsed: 0.700s  Memory: 6979.00M
XOR differences: 0
"output" in: xor.drc:40
    Polygons (raw): 0 (flat)  0 (hierarchical)
    Elapsed: 0.000s  Memory: 6979.00M
--- Running XOR for 71/20 ---
"input" in: xor.drc:38
    Polygons (raw): 33345 (flat)  5842 (hierarchical)
    Elapsed: 0.000s  Memory: 6979.00M
"input" in: xor.drc:38
    Polygons (raw): 55479 (flat)  5281 (hierarchical)
    Elapsed: 0.010s  Memory: 6979.00M
"^" in: xor.drc:38
    Polygons (raw): 0 (flat)  0 (hierarchical)
    Elapsed: 1.230s  Memory: 6979.00M
XOR differences: 0
"output" in: xor.drc:40
    Polygons (raw): 0 (flat)  0 (hierarchical)
    Elapsed: 0.010s  Memory: 6979.00M
--- Running XOR for 71/44 ---
"input" in: xor.drc:38
    Polygons (raw): 11332 (flat)  11332 (hierarchical)
    Elapsed: 0.000s  Memory: 6979.00M
"input" in: xor.drc:38
    Polygons (raw): 11332 (flat)  6 (hierarchical)
    Elapsed: 0.000s  Memory: 6979.00M
"^" in: xor.drc:38
    Polygons (raw): 0 (flat)  0 (hierarchical)
    Elapsed: 0.750s  Memory: 6979.00M
XOR differences: 0
"output" in: xor.drc:40
    Polygons (raw): 0 (flat)  0 (hierarchical)
    Elapsed: 0.000s  Memory: 6979.00M
--- Running XOR for 71/5 ---
"input" in: xor.drc:38
    Polygons (raw): 444 (flat)  111 (hierarchical)
    Elapsed: 0.000s  Memory: 6979.00M
"input" in: xor.drc:38
    Polygons (raw): 444 (flat)  111 (hierarchical)
    Elapsed: 0.000s  Memory: 6979.00M
"^" in: xor.drc:38
    Polygons (raw): 0 (flat)  0 (hierarchical)
    Elapsed: 0.590s  Memory: 6979.00M
XOR differences: 0
"output" in: xor.drc:40
    Polygons (raw): 0 (flat)  0 (hierarchical)
    Elapsed: 0.000s  Memory: 6979.00M
--- Running XOR for 72/16 ---
"input" in: xor.drc:38
    Polygons (raw): 172 (flat)  172 (hierarchical)
    Elapsed: 0.000s  Memory: 6979.00M
"input" in: xor.drc:38
    Polygons (raw): 172 (flat)  172 (hierarchical)
    Elapsed: 0.000s  Memory: 6979.00M
"^" in: xor.drc:38
    Polygons (raw): 0 (flat)  0 (hierarchical)
    Elapsed: 0.700s  Memory: 6979.00M
XOR differences: 0
"output" in: xor.drc:40
    Polygons (raw): 0 (flat)  0 (hierarchical)
    Elapsed: 0.000s  Memory: 6979.00M
--- Running XOR for 72/20 ---
"input" in: xor.drc:38
    Polygons (raw): 172 (flat)  172 (hierarchical)
    Elapsed: 0.000s  Memory: 6979.00M
"input" in: xor.drc:38
    Polygons (raw): 3023 (flat)  174 (hierarchical)
    Elapsed: 0.010s  Memory: 6979.00M
"^" in: xor.drc:38
    Polygons (raw): 0 (flat)  0 (hierarchical)
    Elapsed: 0.700s  Memory: 6979.00M
XOR differences: 0
"output" in: xor.drc:40
    Polygons (raw): 0 (flat)  0 (hierarchical)
    Elapsed: 0.010s  Memory: 6979.00M
--- Running XOR for 72/5 ---
"input" in: xor.drc:38
    Polygons (raw): 0 (flat)  0 (hierarchical)
    Elapsed: 0.000s  Memory: 6979.00M
"input" in: xor.drc:38
    Polygons (raw): 0 (flat)  0 (hierarchical)
    Elapsed: 0.000s  Memory: 6979.00M
"^" in: xor.drc:38
    Polygons (raw): 0 (flat)  0 (hierarchical)
    Elapsed: 0.000s  Memory: 6979.00M
XOR differences: 0
"output" in: xor.drc:40
    Polygons (raw): 0 (flat)  0 (hierarchical)
    Elapsed: 0.150s  Memory: 6979.00M
--- Running XOR for 78/44 ---
"input" in: xor.drc:38
    Polygons (raw): 966864 (flat)  46 (hierarchical)
    Elapsed: 0.010s  Memory: 6979.00M
"input" in: xor.drc:38
    Polygons (raw): 966864 (flat)  46 (hierarchical)
    Elapsed: 0.000s  Memory: 6979.00M
"^" in: xor.drc:38
    Polygons (raw): 0 (flat)  0 (hierarchical)
    Elapsed: 9.190s  Memory: 6979.00M
XOR differences: 0
"output" in: xor.drc:40
    Polygons (raw): 0 (flat)  0 (hierarchical)
    Elapsed: 0.000s  Memory: 6979.00M
--- Running XOR for 81/14 ---
"input" in: xor.drc:38
    Polygons (raw): 1 (flat)  1 (hierarchical)
    Elapsed: 0.010s  Memory: 6979.00M
"input" in: xor.drc:38
    Polygons (raw): 0 (flat)  0 (hierarchical)
    Elapsed: 0.000s  Memory: 6979.00M
"^" in: xor.drc:38
    Polygons (raw): 1 (flat)  1 (hierarchical)
    Elapsed: 0.000s  Memory: 6979.00M
XOR differences: 1
"output" in: xor.drc:40
    Polygons (raw): 1 (flat)  1 (hierarchical)
    Elapsed: 0.140s  Memory: 6979.00M
--- Running XOR for 81/2 ---
"input" in: xor.drc:38
    Polygons (raw): 68640 (flat)  4 (hierarchical)
    Elapsed: 0.000s  Memory: 6979.00M
"input" in: xor.drc:38
    Polygons (raw): 68640 (flat)  4 (hierarchical)
    Elapsed: 0.000s  Memory: 6979.00M
"^" in: xor.drc:38
    Polygons (raw): 0 (flat)  0 (hierarchical)
    Elapsed: 1.370s  Memory: 6979.00M
XOR differences: 0
"output" in: xor.drc:40
    Polygons (raw): 0 (flat)  0 (hierarchical)
    Elapsed: 0.000s  Memory: 6979.00M
--- Running XOR for 81/23 ---
"input" in: xor.drc:38
    Polygons (raw): 416 (flat)  1 (hierarchical)
    Elapsed: 0.000s  Memory: 6979.00M
"input" in: xor.drc:38
    Polygons (raw): 416 (flat)  1 (hierarchical)
    Elapsed: 0.010s  Memory: 6979.00M
"^" in: xor.drc:38
    Polygons (raw): 0 (flat)  0 (hierarchical)
    Elapsed: 0.680s  Memory: 6979.00M
XOR differences: 0
"output" in: xor.drc:40
    Polygons (raw): 0 (flat)  0 (hierarchical)
    Elapsed: 0.000s  Memory: 6979.00M
--- Running XOR for 81/4 ---
"input" in: xor.drc:38
    Polygons (raw): 1058488 (flat)  234 (hierarchical)
    Elapsed: 0.000s  Memory: 6979.00M
"input" in: xor.drc:38
    Polygons (raw): 1058488 (flat)  234 (hierarchical)
    Elapsed: 0.000s  Memory: 6979.00M
"^" in: xor.drc:38
    Polygons (raw): 0 (flat)  0 (hierarchical)
    Elapsed: 12.090s  Memory: 6979.00M
XOR differences: 0
"output" in: xor.drc:40
    Polygons (raw): 0 (flat)  0 (hierarchical)
    Elapsed: 0.000s  Memory: 6979.00M
--- Running XOR for 83/44 ---
"input" in: xor.drc:38
    Polygons (raw): 0 (flat)  0 (hierarchical)
    Elapsed: 0.000s  Memory: 6979.00M
"input" in: xor.drc:38
    Polygons (raw): 0 (flat)  0 (hierarchical)
    Elapsed: 0.010s  Memory: 6979.00M
"^" in: xor.drc:38
    Polygons (raw): 0 (flat)  0 (hierarchical)
    Elapsed: 3.080s  Memory: 6979.00M
XOR differences: 0
"output" in: xor.drc:40
    Polygons (raw): 0 (flat)  0 (hierarchical)
    Elapsed: 0.000s  Memory: 6979.00M
--- Running XOR for 93/44 ---
"input" in: xor.drc:38
    Polygons (raw): 1401860 (flat)  148 (hierarchical)
    Elapsed: 0.000s  Memory: 6979.00M
"input" in: xor.drc:38
    Polygons (raw): 1401860 (flat)  148 (hierarchical)
    Elapsed: 0.010s  Memory: 6979.00M
"^" in: xor.drc:38
    Polygons (raw): 0 (flat)  0 (hierarchical)
    Elapsed: 14.260s  Memory: 6979.00M
XOR differences: 0
"output" in: xor.drc:40
    Polygons (raw): 0 (flat)  0 (hierarchical)
    Elapsed: 0.010s  Memory: 6979.00M
--- Running XOR for 94/20 ---
"input" in: xor.drc:38
    Polygons (raw): 1265012 (flat)  137 (hierarchical)
    Elapsed: 0.000s  Memory: 6979.00M
"input" in: xor.drc:38
    Polygons (raw): 1265012 (flat)  137 (hierarchical)
    Elapsed: 0.000s  Memory: 6979.00M
"^" in: xor.drc:38
    Polygons (raw): 0 (flat)  0 (hierarchical)
    Elapsed: 12.990s  Memory: 6979.00M
XOR differences: 0
"output" in: xor.drc:40
    Polygons (raw): 0 (flat)  0 (hierarchical)
    Elapsed: 0.000s  Memory: 6979.00M
--- Running XOR for 95/20 ---
"input" in: xor.drc:38
    Polygons (raw): 1002478 (flat)  107 (hierarchical)
    Elapsed: 0.000s  Memory: 6979.00M
"input" in: xor.drc:38
    Polygons (raw): 1002478 (flat)  107 (hierarchical)
    Elapsed: 0.000s  Memory: 6979.00M
"^" in: xor.drc:38
    Polygons (raw): 0 (flat)  0 (hierarchical)
    Elapsed: 9.540s  Memory: 6979.00M
XOR differences: 0
"output" in: xor.drc:40
    Polygons (raw): 0 (flat)  0 (hierarchical)
    Elapsed: 0.000s  Memory: 6979.00M
Writing report database: /home/serdar/Desktop/openram_demo/openram_openmpw/openlane/user_project_wrapper/runs/user_project_wrapper/reports/signoff/user_project_wrapper.xor.xml ..
Total elapsed: 576.450s  Memory: 6979.00M
