
===========================================================================
 report_power
============================================================================


======================= Slowest Corner =================================

Group                  Internal  Switching    Leakage      Total
                          Power      Power      Power      Power (Watts)
----------------------------------------------------------------
Sequential             2.01e-06   7.19e-08   1.47e-08   2.09e-06   0.2%
Combinational          5.10e-04   6.41e-04   2.28e-05   1.17e-03  99.8%
Macro                  0.00e+00   0.00e+00   0.00e+00   0.00e+00   0.0%
Pad                    0.00e+00   0.00e+00   0.00e+00   0.00e+00   0.0%
----------------------------------------------------------------
Total                  5.12e-04   6.41e-04   2.29e-05   1.18e-03 100.0%
                          43.5%      54.5%       1.9%

======================= Typical Corner ===================================

Group                  Internal  Switching    Leakage      Total
                          Power      Power      Power      Power (Watts)
----------------------------------------------------------------
Sequential             2.58e-06   9.11e-08   8.44e-12   2.67e-06   0.2%
Combinational          6.19e-04   8.12e-04   2.36e-06   1.43e-03  99.8%
Macro                  0.00e+00   0.00e+00   0.00e+00   0.00e+00   0.0%
Pad                    0.00e+00   0.00e+00   0.00e+00   0.00e+00   0.0%
----------------------------------------------------------------
Total                  6.21e-04   8.12e-04   2.36e-06   1.44e-03 100.0%
                          43.3%      56.6%       0.2%


======================= Fastest Corner =================================

Group                  Internal  Switching    Leakage      Total
                          Power      Power      Power      Power (Watts)
----------------------------------------------------------------
Sequential             3.00e-06   1.07e-07   1.45e-11   3.11e-06   0.2%
Combinational          6.95e-04   9.54e-04   2.39e-06   1.65e-03  99.8%
Macro                  0.00e+00   0.00e+00   0.00e+00   0.00e+00   0.0%
Pad                    0.00e+00   0.00e+00   0.00e+00   0.00e+00   0.0%
----------------------------------------------------------------
Total                  6.98e-04   9.54e-04   2.39e-06   1.66e-03 100.0%
                          42.2%      57.7%       0.1%
