
===========================================================================
 report_clock_skew
============================================================================

======================== Slowest Corner ==================================

Clock wb_clk_i
Latency      CRPR       Skew
_313_/CLK ^
  12.17
_313_/CLK ^
   5.19      0.00       6.98


======================= Typical Corner ===================================

Clock wb_clk_i
Latency      CRPR       Skew
_313_/CLK ^
   8.07
_313_/CLK ^
   2.86      0.00       5.21


======================= Fastest Corner ===================================

Clock wb_clk_i
Latency      CRPR       Skew
_313_/CLK ^
   6.46
_313_/CLK ^
   1.92      0.00       4.54

