
===========================================================================
report_checks -path_delay min (Hold)
============================================================================
Startpoint: la_data_in[65] (input port clocked by wb_clk_i)
Endpoint: _313_ (rising edge-triggered flip-flop clocked by wb_clk_i)
Path Group: wb_clk_i
Path Type: min

Fanout     Cap    Slew   Delay    Time   Description
-----------------------------------------------------------------------------
                          0.00    0.00   clock wb_clk_i (rise edge)
                          0.00    0.00   clock network delay (propagated)
                          4.00    4.00 ^ input external delay
                  0.04    0.02    4.02 ^ la_data_in[65] (in)
     1    0.01                           la_data_in[65] (net)
                  0.04    0.00    4.02 ^ input2/A (sky130_fd_sc_hd__buf_6)
                  0.05    0.09    4.12 ^ input2/X (sky130_fd_sc_hd__buf_6)
     1    0.02                           net2 (net)
                  0.05    0.00    4.12 ^ repeater1254/A (sky130_fd_sc_hd__clkbuf_4)
                  0.07    0.15    4.26 ^ repeater1254/X (sky130_fd_sc_hd__clkbuf_4)
     1    0.02                           net1254 (net)
                  0.07    0.00    4.27 ^ repeater1253/A (sky130_fd_sc_hd__buf_4)
                  0.07    0.13    4.40 ^ repeater1253/X (sky130_fd_sc_hd__buf_4)
     1    0.02                           net1253 (net)
                  0.07    0.00    4.40 ^ repeater1252/A (sky130_fd_sc_hd__buf_6)
                  0.05    0.10    4.50 ^ repeater1252/X (sky130_fd_sc_hd__buf_6)
     1    0.02                           net1252 (net)
                  0.05    0.00    4.51 ^ _311_/A0 (sky130_fd_sc_hd__mux2_1)
                  0.09    0.15    4.65 ^ _311_/X (sky130_fd_sc_hd__mux2_1)
     1    0.01                           _129_ (net)
                  0.09    0.00    4.65 ^ repeater510/A (sky130_fd_sc_hd__clkdlybuf4s15_2)
                  0.11    0.24    4.89 ^ repeater510/X (sky130_fd_sc_hd__clkdlybuf4s15_2)
     1    0.02                           net510 (net)
                  0.11    0.00    4.89 ^ repeater509/A (sky130_fd_sc_hd__clkbuf_4)
                  0.05    0.15    5.05 ^ repeater509/X (sky130_fd_sc_hd__clkbuf_4)
     1    0.01                           net509 (net)
                  0.05    0.00    5.05 ^ repeater508/A (sky130_fd_sc_hd__buf_4)
                  0.13    0.16    5.21 ^ repeater508/X (sky130_fd_sc_hd__buf_4)
     1    0.04                           net508 (net)
                  0.13    0.01    5.22 ^ repeater507/A (sky130_fd_sc_hd__buf_6)
                  0.02    0.10    5.32 ^ repeater507/X (sky130_fd_sc_hd__buf_6)
     1    0.00                           net507 (net)
                  0.02    0.00    5.32 ^ _312_/B (sky130_fd_sc_hd__nor2_1)
                  0.04    0.04    5.36 v _312_/Y (sky130_fd_sc_hd__nor2_1)
     1    0.01                           _008_ (net)
                  0.04    0.00    5.36 v _313_/D (sky130_fd_sc_hd__dfxtp_1)
                                  5.36   data arrival time

                          0.00    0.00   clock wb_clk_i (rise edge)
                          0.00    0.00   clock source latency
                  0.02    0.01    0.01 ^ wb_clk_i (in)
     1    0.00                           wb_clk_i (net)
                  0.02    0.00    0.01 ^ _179_/A1 (sky130_fd_sc_hd__mux2_2)
                  0.15    0.23    0.25 ^ _179_/X (sky130_fd_sc_hd__mux2_2)
     1    0.03                           _030_ (net)
                  0.15    0.00    0.25 ^ _180_/A (sky130_fd_sc_hd__buf_1)
                  0.14    0.18    0.43 ^ _180_/X (sky130_fd_sc_hd__buf_1)
     1    0.01                           clk (net)
                  0.14    0.00    0.43 ^ repeater7/A (sky130_fd_sc_hd__buf_2)
                  0.13    0.22    0.65 ^ repeater7/X (sky130_fd_sc_hd__buf_2)
     1    0.03                           net2020 (net)
                  0.14    0.00    0.65 ^ repeater6/A (sky130_fd_sc_hd__buf_4)
                  0.09    0.18    0.84 ^ repeater6/X (sky130_fd_sc_hd__buf_4)
     1    0.03                           net2019 (net)
                  0.09    0.00    0.84 ^ repeater5/A (sky130_fd_sc_hd__buf_6)
                  0.05    0.12    0.96 ^ repeater5/X (sky130_fd_sc_hd__buf_6)
     1    0.02                           net2018 (net)
                  0.05    0.00    0.97 ^ repeater4/A (sky130_fd_sc_hd__buf_6)
                  0.13    0.16    1.13 ^ repeater4/X (sky130_fd_sc_hd__buf_6)
     1    0.06                           net2017 (net)
                  0.13    0.02    1.15 ^ repeater3/A (sky130_fd_sc_hd__buf_12)
                  0.04    0.13    1.28 ^ repeater3/X (sky130_fd_sc_hd__buf_12)
     1    0.02                           net2016 (net)
                  0.04    0.00    1.28 ^ repeater2/A (sky130_fd_sc_hd__buf_6)
                  0.06    0.12    1.40 ^ repeater2/X (sky130_fd_sc_hd__buf_6)
     1    0.03                           net2015 (net)
                  0.06    0.00    1.40 ^ repeater1/A (sky130_fd_sc_hd__buf_12)
                  0.05    0.12    1.52 ^ repeater1/X (sky130_fd_sc_hd__buf_12)
     1    0.03                           net2014 (net)
                  0.05    0.01    1.52 ^ clkbuf_0_clk/A (sky130_fd_sc_hd__clkbuf_16)
                  0.04    0.13    1.66 ^ clkbuf_0_clk/X (sky130_fd_sc_hd__clkbuf_16)
     2    0.02                           clknet_0_clk (net)
                  0.04    0.00    1.66 ^ clkbuf_1_0_0_clk/A (sky130_fd_sc_hd__clkbuf_8)
                  0.04    0.12    1.78 ^ clkbuf_1_0_0_clk/X (sky130_fd_sc_hd__clkbuf_8)
     1    0.01                           clknet_1_0_0_clk (net)
                  0.04    0.00    1.78 ^ clkbuf_1_0_1_clk/A (sky130_fd_sc_hd__clkbuf_8)
                  0.04    0.12    1.90 ^ clkbuf_1_0_1_clk/X (sky130_fd_sc_hd__clkbuf_8)
     1    0.01                           clknet_1_0_1_clk (net)
                  0.04    0.00    1.90 ^ clkbuf_1_0_2_clk/A (sky130_fd_sc_hd__clkbuf_8)
                  0.04    0.12    2.02 ^ clkbuf_1_0_2_clk/X (sky130_fd_sc_hd__clkbuf_8)
     1    0.01                           clknet_1_0_2_clk (net)
                  0.04    0.00    2.02 ^ clkbuf_1_0_3_clk/A (sky130_fd_sc_hd__clkbuf_8)
                  0.05    0.13    2.15 ^ clkbuf_1_0_3_clk/X (sky130_fd_sc_hd__clkbuf_8)
     3    0.02                           clknet_1_0_3_clk (net)
                  0.05    0.00    2.15 ^ repeater16/A (sky130_fd_sc_hd__clkbuf_2)
                  0.14    0.18    2.33 ^ repeater16/X (sky130_fd_sc_hd__clkbuf_2)
     2    0.02                           net2029 (net)
                  0.14    0.00    2.34 ^ repeater12/A (sky130_fd_sc_hd__buf_2)
                  0.10    0.19    2.53 ^ repeater12/X (sky130_fd_sc_hd__buf_2)
     2    0.02                           net2025 (net)
                  0.10    0.00    2.53 ^ _313_/CLK (sky130_fd_sc_hd__dfxtp_1)
                          0.25    2.78   clock uncertainty
                          0.00    2.78   clock reconvergence pessimism
                         -0.04    2.74   library hold time
                                  2.74   data required time
-----------------------------------------------------------------------------
                                  2.74   data required time
                                 -5.36   data arrival time
-----------------------------------------------------------------------------
                                  2.62   slack (MET)


Startpoint: _313_ (rising edge-triggered flip-flop clocked by wb_clk_i)
Endpoint: wbs_ack_o (output port clocked by wb_clk_i)
Path Group: wb_clk_i
Path Type: min

Fanout     Cap    Slew   Delay    Time   Description
-----------------------------------------------------------------------------
                          0.00    0.00   clock wb_clk_i (rise edge)
                          0.00    0.00   clock source latency
                  0.02    0.01    0.01 ^ wb_clk_i (in)
     1    0.00                           wb_clk_i (net)
                  0.02    0.00    0.01 ^ _179_/A1 (sky130_fd_sc_hd__mux2_2)
                  0.15    0.21    0.22 ^ _179_/X (sky130_fd_sc_hd__mux2_2)
     1    0.03                           _030_ (net)
                  0.15    0.00    0.23 ^ _180_/A (sky130_fd_sc_hd__buf_1)
                  0.14    0.16    0.39 ^ _180_/X (sky130_fd_sc_hd__buf_1)
     1    0.01                           clk (net)
                  0.14    0.00    0.39 ^ repeater7/A (sky130_fd_sc_hd__buf_2)
                  0.13    0.19    0.59 ^ repeater7/X (sky130_fd_sc_hd__buf_2)
     1    0.03                           net2020 (net)
                  0.14    0.00    0.59 ^ repeater6/A (sky130_fd_sc_hd__buf_4)
                  0.09    0.17    0.76 ^ repeater6/X (sky130_fd_sc_hd__buf_4)
     1    0.03                           net2019 (net)
                  0.09    0.00    0.76 ^ repeater5/A (sky130_fd_sc_hd__buf_6)
                  0.05    0.11    0.87 ^ repeater5/X (sky130_fd_sc_hd__buf_6)
     1    0.02                           net2018 (net)
                  0.05    0.00    0.87 ^ repeater4/A (sky130_fd_sc_hd__buf_6)
                  0.13    0.15    1.02 ^ repeater4/X (sky130_fd_sc_hd__buf_6)
     1    0.06                           net2017 (net)
                  0.13    0.02    1.04 ^ repeater3/A (sky130_fd_sc_hd__buf_12)
                  0.04    0.11    1.15 ^ repeater3/X (sky130_fd_sc_hd__buf_12)
     1    0.02                           net2016 (net)
                  0.04    0.00    1.16 ^ repeater2/A (sky130_fd_sc_hd__buf_6)
                  0.06    0.11    1.26 ^ repeater2/X (sky130_fd_sc_hd__buf_6)
     1    0.03                           net2015 (net)
                  0.06    0.00    1.26 ^ repeater1/A (sky130_fd_sc_hd__buf_12)
                  0.05    0.11    1.37 ^ repeater1/X (sky130_fd_sc_hd__buf_12)
     1    0.03                           net2014 (net)
                  0.05    0.00    1.38 ^ clkbuf_0_clk/A (sky130_fd_sc_hd__clkbuf_16)
                  0.04    0.12    1.50 ^ clkbuf_0_clk/X (sky130_fd_sc_hd__clkbuf_16)
     2    0.02                           clknet_0_clk (net)
                  0.04    0.00    1.50 ^ clkbuf_1_0_0_clk/A (sky130_fd_sc_hd__clkbuf_8)
                  0.04    0.11    1.61 ^ clkbuf_1_0_0_clk/X (sky130_fd_sc_hd__clkbuf_8)
     1    0.01                           clknet_1_0_0_clk (net)
                  0.04    0.00    1.61 ^ clkbuf_1_0_1_clk/A (sky130_fd_sc_hd__clkbuf_8)
                  0.04    0.11    1.72 ^ clkbuf_1_0_1_clk/X (sky130_fd_sc_hd__clkbuf_8)
     1    0.01                           clknet_1_0_1_clk (net)
                  0.04    0.00    1.72 ^ clkbuf_1_0_2_clk/A (sky130_fd_sc_hd__clkbuf_8)
                  0.04    0.11    1.83 ^ clkbuf_1_0_2_clk/X (sky130_fd_sc_hd__clkbuf_8)
     1    0.01                           clknet_1_0_2_clk (net)
                  0.04    0.00    1.83 ^ clkbuf_1_0_3_clk/A (sky130_fd_sc_hd__clkbuf_8)
                  0.05    0.12    1.95 ^ clkbuf_1_0_3_clk/X (sky130_fd_sc_hd__clkbuf_8)
     3    0.02                           clknet_1_0_3_clk (net)
                  0.05    0.00    1.95 ^ repeater16/A (sky130_fd_sc_hd__clkbuf_2)
                  0.14    0.16    2.11 ^ repeater16/X (sky130_fd_sc_hd__clkbuf_2)
     2    0.02                           net2029 (net)
                  0.14    0.00    2.11 ^ repeater12/A (sky130_fd_sc_hd__buf_2)
                  0.10    0.17    2.29 ^ repeater12/X (sky130_fd_sc_hd__buf_2)
     2    0.02                           net2025 (net)
                  0.10    0.00    2.29 ^ _313_/CLK (sky130_fd_sc_hd__dfxtp_1)
                  0.06    0.32    2.61 ^ _313_/Q (sky130_fd_sc_hd__dfxtp_1)
     1    0.00                           net116 (net)
                  0.06    0.00    2.61 ^ repeater485/A (sky130_fd_sc_hd__dlymetal6s2s_1)
                  0.13    0.15    2.75 ^ repeater485/X (sky130_fd_sc_hd__dlymetal6s2s_1)
     1    0.01                           net485 (net)
                  0.13    0.00    2.75 ^ repeater484/A (sky130_fd_sc_hd__clkbuf_4)
                  0.12    0.21    2.97 ^ repeater484/X (sky130_fd_sc_hd__clkbuf_4)
     1    0.04                           net484 (net)
                  0.12    0.01    2.97 ^ repeater483/A (sky130_fd_sc_hd__buf_4)
                  0.05    0.13    3.11 ^ repeater483/X (sky130_fd_sc_hd__buf_4)
     1    0.01                           net483 (net)
                  0.05    0.00    3.11 ^ repeater482/A (sky130_fd_sc_hd__buf_6)
                  0.05    0.10    3.21 ^ repeater482/X (sky130_fd_sc_hd__buf_6)
     1    0.02                           net482 (net)
                  0.05    0.00    3.21 ^ repeater481/A (sky130_fd_sc_hd__buf_6)
                  0.05    0.10    3.31 ^ repeater481/X (sky130_fd_sc_hd__buf_6)
     1    0.02                           net481 (net)
                  0.05    0.00    3.31 ^ repeater480/A (sky130_fd_sc_hd__buf_4)
                  0.06    0.12    3.43 ^ repeater480/X (sky130_fd_sc_hd__buf_4)
     1    0.02                           net480 (net)
                  0.06    0.00    3.43 ^ repeater479/A (sky130_fd_sc_hd__buf_4)
                  0.06    0.13    3.56 ^ repeater479/X (sky130_fd_sc_hd__buf_4)
     1    0.02                           net479 (net)
                  0.06    0.00    3.56 ^ repeater478/A (sky130_fd_sc_hd__buf_4)
                  0.06    0.12    3.68 ^ repeater478/X (sky130_fd_sc_hd__buf_4)
     1    0.02                           net478 (net)
                  0.06    0.00    3.68 ^ repeater477/A (sky130_fd_sc_hd__buf_4)
                  0.06    0.13    3.81 ^ repeater477/X (sky130_fd_sc_hd__buf_4)
     2    0.02                           net477 (net)
                  0.06    0.00    3.81 ^ output116/A (sky130_fd_sc_hd__clkbuf_4)
                  0.11    0.18    4.00 ^ output116/X (sky130_fd_sc_hd__clkbuf_4)
     1    0.03                           wbs_ack_o (net)
                  0.11    0.00    4.00 ^ wbs_ack_o (out)
                                  4.00   data arrival time

                          0.00    0.00   clock wb_clk_i (rise edge)
                          0.00    0.00   clock network delay (propagated)
                          0.25    0.25   clock uncertainty
                          0.00    0.25   clock reconvergence pessimism
                         -4.00   -3.75   output external delay
                                 -3.75   data required time
-----------------------------------------------------------------------------
                                 -3.75   data required time
                                 -4.00   data arrival time
-----------------------------------------------------------------------------
                                  7.75   slack (MET)


Startpoint: wbs_dat_i[20] (input port clocked by wb_clk_i)
Endpoint: la_data_out[52] (output port clocked by wb_clk_i)
Path Group: wb_clk_i
Path Type: min

Fanout     Cap    Slew   Delay    Time   Description
-----------------------------------------------------------------------------
                          0.00    0.00   clock wb_clk_i (rise edge)
                          0.00    0.00   clock network delay (propagated)
                          4.00    4.00 ^ input external delay
                  0.02    0.01    4.01 ^ wbs_dat_i[20] (in)
     1    0.00                           wbs_dat_i[20] (net)
                  0.02    0.00    4.01 ^ input30/A (sky130_fd_sc_hd__dlymetal6s2s_1)
                  0.08    0.10    4.11 ^ input30/X (sky130_fd_sc_hd__dlymetal6s2s_1)
     2    0.01                           net30 (net)
                  0.08    0.00    4.11 ^ repeater1027/A (sky130_fd_sc_hd__dlymetal6s2s_1)
                  0.20    0.20    4.32 ^ repeater1027/X (sky130_fd_sc_hd__dlymetal6s2s_1)
     1    0.02                           net1027 (net)
                  0.20    0.00    4.32 ^ repeater1026/A (sky130_fd_sc_hd__clkbuf_4)
                  0.07    0.20    4.52 ^ repeater1026/X (sky130_fd_sc_hd__clkbuf_4)
     1    0.02                           net1026 (net)
                  0.07    0.00    4.52 ^ repeater1025/A (sky130_fd_sc_hd__buf_4)
                  0.07    0.13    4.65 ^ repeater1025/X (sky130_fd_sc_hd__buf_4)
     1    0.02                           net1025 (net)
                  0.07    0.00    4.65 ^ repeater1024/A (sky130_fd_sc_hd__buf_6)
                  0.05    0.11    4.76 ^ repeater1024/X (sky130_fd_sc_hd__buf_6)
     1    0.02                           net1024 (net)
                  0.05    0.00    4.76 ^ repeater1023/A (sky130_fd_sc_hd__buf_6)
                  0.05    0.10    4.87 ^ repeater1023/X (sky130_fd_sc_hd__buf_6)
     1    0.02                           net1023 (net)
                  0.05    0.00    4.87 ^ repeater1022/A (sky130_fd_sc_hd__buf_6)
                  0.05    0.10    4.97 ^ repeater1022/X (sky130_fd_sc_hd__buf_6)
     2    0.02                           net1022 (net)
                  0.05    0.00    4.97 ^ _497_/A (sky130_fd_sc_hd__dlymetal6s2s_1)
                  0.06    0.09    5.07 ^ _497_/X (sky130_fd_sc_hd__dlymetal6s2s_1)
     1    0.00                           net99 (net)
                  0.06    0.00    5.07 ^ output99/A (sky130_fd_sc_hd__clkbuf_4)
                  0.11    0.18    5.25 ^ output99/X (sky130_fd_sc_hd__clkbuf_4)
     1    0.03                           la_data_out[52] (net)
                  0.11    0.00    5.25 ^ la_data_out[52] (out)
                                  5.25   data arrival time

                          0.00    0.00   clock wb_clk_i (rise edge)
                          0.00    0.00   clock network delay (propagated)
                          0.25    0.25   clock uncertainty
                          0.00    0.25   clock reconvergence pessimism
                         -4.00   -3.75   output external delay
                                 -3.75   data required time
-----------------------------------------------------------------------------
                                 -3.75   data required time
                                 -5.25   data arrival time
-----------------------------------------------------------------------------
                                  9.00   slack (MET)


Startpoint: wbs_dat_i[3] (input port clocked by wb_clk_i)
Endpoint: la_data_out[35] (output port clocked by wb_clk_i)
Path Group: wb_clk_i
Path Type: min

Fanout     Cap    Slew   Delay    Time   Description
-----------------------------------------------------------------------------
                          0.00    0.00   clock wb_clk_i (rise edge)
                          0.00    0.00   clock network delay (propagated)
                          4.00    4.00 ^ input external delay
                  0.02    0.01    4.01 ^ wbs_dat_i[3] (in)
     1    0.00                           wbs_dat_i[3] (net)
                  0.02    0.00    4.01 ^ input43/A (sky130_fd_sc_hd__clkbuf_4)
                  0.04    0.11    4.12 ^ input43/X (sky130_fd_sc_hd__clkbuf_4)
     2    0.01                           net43 (net)
                  0.04    0.00    4.12 ^ repeater763/A (sky130_fd_sc_hd__dlymetal6s2s_1)
                  0.20    0.19    4.31 ^ repeater763/X (sky130_fd_sc_hd__dlymetal6s2s_1)
     1    0.02                           net763 (net)
                  0.20    0.00    4.32 ^ repeater762/A (sky130_fd_sc_hd__clkbuf_4)
                  0.07    0.20    4.51 ^ repeater762/X (sky130_fd_sc_hd__clkbuf_4)
     1    0.02                           net762 (net)
                  0.07    0.00    4.51 ^ repeater761/A (sky130_fd_sc_hd__buf_4)
                  0.07    0.13    4.65 ^ repeater761/X (sky130_fd_sc_hd__buf_4)
     1    0.02                           net761 (net)
                  0.07    0.00    4.65 ^ repeater760/A (sky130_fd_sc_hd__buf_6)
                  0.05    0.11    4.76 ^ repeater760/X (sky130_fd_sc_hd__buf_6)
     1    0.02                           net760 (net)
                  0.05    0.00    4.76 ^ repeater759/A (sky130_fd_sc_hd__buf_6)
                  0.05    0.10    4.86 ^ repeater759/X (sky130_fd_sc_hd__buf_6)
     1    0.02                           net759 (net)
                  0.05    0.00    4.87 ^ repeater758/A (sky130_fd_sc_hd__buf_6)
                  0.05    0.10    4.97 ^ repeater758/X (sky130_fd_sc_hd__buf_6)
     2    0.02                           net758 (net)
                  0.05    0.00    4.97 ^ _480_/A (sky130_fd_sc_hd__dlymetal6s2s_1)
                  0.06    0.10    5.07 ^ _480_/X (sky130_fd_sc_hd__dlymetal6s2s_1)
     1    0.00                           net80 (net)
                  0.06    0.00    5.07 ^ output80/A (sky130_fd_sc_hd__clkbuf_4)
                  0.12    0.18    5.25 ^ output80/X (sky130_fd_sc_hd__clkbuf_4)
     1    0.03                           la_data_out[35] (net)
                  0.12    0.00    5.25 ^ la_data_out[35] (out)
                                  5.25   data arrival time

                          0.00    0.00   clock wb_clk_i (rise edge)
                          0.00    0.00   clock network delay (propagated)
                          0.25    0.25   clock uncertainty
                          0.00    0.25   clock reconvergence pessimism
                         -4.00   -3.75   output external delay
                                 -3.75   data required time
-----------------------------------------------------------------------------
                                 -3.75   data required time
                                 -5.25   data arrival time
-----------------------------------------------------------------------------
                                  9.00   slack (MET)


Startpoint: wbs_dat_i[5] (input port clocked by wb_clk_i)
Endpoint: la_data_out[37] (output port clocked by wb_clk_i)
Path Group: wb_clk_i
Path Type: min

Fanout     Cap    Slew   Delay    Time   Description
-----------------------------------------------------------------------------
                          0.00    0.00   clock wb_clk_i (rise edge)
                          0.00    0.00   clock network delay (propagated)
                          4.00    4.00 ^ input external delay
                  0.02    0.01    4.01 ^ wbs_dat_i[5] (in)
     1    0.00                           wbs_dat_i[5] (net)
                  0.02    0.00    4.01 ^ input45/A (sky130_fd_sc_hd__buf_4)
                  0.06    0.11    4.13 ^ input45/X (sky130_fd_sc_hd__buf_4)
     2    0.02                           net45 (net)
                  0.06    0.00    4.13 ^ repeater717/A (sky130_fd_sc_hd__dlymetal6s2s_1)
                  0.20    0.19    4.32 ^ repeater717/X (sky130_fd_sc_hd__dlymetal6s2s_1)
     1    0.02                           net717 (net)
                  0.20    0.00    4.32 ^ repeater716/A (sky130_fd_sc_hd__clkbuf_4)
                  0.07    0.20    4.52 ^ repeater716/X (sky130_fd_sc_hd__clkbuf_4)
     1    0.02                           net716 (net)
                  0.07    0.00    4.52 ^ repeater715/A (sky130_fd_sc_hd__buf_4)
                  0.07    0.13    4.65 ^ repeater715/X (sky130_fd_sc_hd__buf_4)
     1    0.02                           net715 (net)
                  0.07    0.00    4.65 ^ repeater714/A (sky130_fd_sc_hd__buf_6)
                  0.05    0.11    4.76 ^ repeater714/X (sky130_fd_sc_hd__buf_6)
     1    0.02                           net714 (net)
                  0.05    0.00    4.76 ^ repeater713/A (sky130_fd_sc_hd__buf_6)
                  0.05    0.10    4.87 ^ repeater713/X (sky130_fd_sc_hd__buf_6)
     1    0.02                           net713 (net)
                  0.05    0.00    4.87 ^ repeater712/A (sky130_fd_sc_hd__buf_6)
                  0.05    0.10    4.97 ^ repeater712/X (sky130_fd_sc_hd__buf_6)
     2    0.02                           net712 (net)
                  0.05    0.00    4.97 ^ _482_/A (sky130_fd_sc_hd__dlymetal6s2s_1)
                  0.06    0.10    5.07 ^ _482_/X (sky130_fd_sc_hd__dlymetal6s2s_1)
     1    0.00                           net82 (net)
                  0.06    0.00    5.07 ^ output82/A (sky130_fd_sc_hd__clkbuf_4)
                  0.11    0.18    5.25 ^ output82/X (sky130_fd_sc_hd__clkbuf_4)
     1    0.03                           la_data_out[37] (net)
                  0.11    0.00    5.25 ^ la_data_out[37] (out)
                                  5.25   data arrival time

                          0.00    0.00   clock wb_clk_i (rise edge)
                          0.00    0.00   clock network delay (propagated)
                          0.25    0.25   clock uncertainty
                          0.00    0.25   clock reconvergence pessimism
                         -4.00   -3.75   output external delay
                                 -3.75   data required time
-----------------------------------------------------------------------------
                                 -3.75   data required time
                                 -5.25   data arrival time
-----------------------------------------------------------------------------
                                  9.00   slack (MET)


