
===========================================================================
report_checks -path_delay min (Hold)
============================================================================
Startpoint: _313_ (rising edge-triggered flip-flop clocked by wb_clk_i)
Endpoint: _313_ (rising edge-triggered flip-flop clocked by wb_clk_i)
Path Group: wb_clk_i
Path Type: min

Fanout     Cap    Slew   Delay    Time   Description
-----------------------------------------------------------------------------
                  0.15    0.00    0.00   clock wb_clk_i (rise edge)
                          0.00    0.00   clock network delay (ideal)
                  0.15    0.00    0.00 ^ _313_/CLK (sky130_fd_sc_hd__dfxtp_2)
                  1.03    0.91    0.91 ^ _313_/Q (sky130_fd_sc_hd__dfxtp_2)
     2    0.03                           wbs_ack_o (net)
                  1.11    0.20    1.11 ^ _151_/A_N (sky130_fd_sc_hd__nand3b_2)
                  1.18    0.90    2.01 ^ _151_/Y (sky130_fd_sc_hd__nand3b_2)
     5    0.24                           _010_ (net)
                  1.28    0.24    2.26 ^ _152_/A (sky130_fd_sc_hd__buf_1)
                  1.45    1.07    3.32 ^ _152_/X (sky130_fd_sc_hd__buf_1)
     5    0.13                           _011_ (net)
                  1.45    0.01    3.33 ^ _312_/A (sky130_fd_sc_hd__nor2_2)
                  0.13    0.30    3.63 v _312_/Y (sky130_fd_sc_hd__nor2_2)
     1    0.04                           _008_ (net)
                  0.13    0.01    3.64 v _313_/D (sky130_fd_sc_hd__dfxtp_2)
                                  3.64   data arrival time

                  0.15    0.00    0.00   clock wb_clk_i (rise edge)
                          0.00    0.00   clock network delay (ideal)
                          0.25    0.25   clock uncertainty
                          0.00    0.25   clock reconvergence pessimism
                                  0.25 ^ _313_/CLK (sky130_fd_sc_hd__dfxtp_2)
                         -0.06    0.19   library hold time
                                  0.19   data required time
-----------------------------------------------------------------------------
                                  0.19   data required time
                                 -3.64   data arrival time
-----------------------------------------------------------------------------
                                  3.45   slack (MET)


Startpoint: _313_ (rising edge-triggered flip-flop clocked by wb_clk_i)
Endpoint: wbs_ack_o (output port clocked by wb_clk_i)
Path Group: wb_clk_i
Path Type: min

Fanout     Cap    Slew   Delay    Time   Description
-----------------------------------------------------------------------------
                  0.15    0.00    0.00   clock wb_clk_i (rise edge)
                          0.00    0.00   clock network delay (ideal)
                  0.15    0.00    0.00 ^ _313_/CLK (sky130_fd_sc_hd__dfxtp_2)
                  0.44    0.56    0.56 v _313_/Q (sky130_fd_sc_hd__dfxtp_2)
     2    0.03                           wbs_ack_o (net)
                  0.61    0.20    0.76 v wbs_ack_o (out)
                                  0.76   data arrival time

                  0.15    0.00    0.00   clock wb_clk_i (rise edge)
                          0.00    0.00   clock network delay (ideal)
                          0.25    0.25   clock uncertainty
                          0.00    0.25   clock reconvergence pessimism
                         -3.20   -2.95   output external delay
                                 -2.95   data required time
-----------------------------------------------------------------------------
                                 -2.95   data required time
                                 -0.76   data arrival time
-----------------------------------------------------------------------------
                                  3.71   slack (MET)


Startpoint: wbs_dat_i[31] (input port clocked by wb_clk_i)
Endpoint: la_data_out[63] (output port clocked by wb_clk_i)
Path Group: wb_clk_i
Path Type: min

Fanout     Cap    Slew   Delay    Time   Description
-----------------------------------------------------------------------------
                  0.15    0.00    0.00   clock wb_clk_i (rise edge)
                          0.00    0.00   clock network delay (ideal)
                          3.20    3.20 v input external delay
                  0.91    0.51    3.71 v wbs_dat_i[31] (in)
     5    0.43                           wbs_dat_i[31] (net)
                  0.91    0.00    3.71 v _508_/A (sky130_fd_sc_hd__buf_4)
                  0.08    0.45    4.16 v _508_/X (sky130_fd_sc_hd__buf_4)
     1    0.03                           la_data_out[63] (net)
                  0.08    0.00    4.16 v la_data_out[63] (out)
                                  4.16   data arrival time

                  0.15    0.00    0.00   clock wb_clk_i (rise edge)
                          0.00    0.00   clock network delay (ideal)
                          0.25    0.25   clock uncertainty
                          0.00    0.25   clock reconvergence pessimism
                         -3.20   -2.95   output external delay
                                 -2.95   data required time
-----------------------------------------------------------------------------
                                 -2.95   data required time
                                 -4.16   data arrival time
-----------------------------------------------------------------------------
                                  7.11   slack (MET)


Startpoint: wbs_dat_i[30] (input port clocked by wb_clk_i)
Endpoint: la_data_out[62] (output port clocked by wb_clk_i)
Path Group: wb_clk_i
Path Type: min

Fanout     Cap    Slew   Delay    Time   Description
-----------------------------------------------------------------------------
                  0.15    0.00    0.00   clock wb_clk_i (rise edge)
                          0.00    0.00   clock network delay (ideal)
                          3.20    3.20 v input external delay
                  0.91    0.51    3.71 v wbs_dat_i[30] (in)
     5    0.43                           wbs_dat_i[30] (net)
                  0.91    0.00    3.71 v _507_/A (sky130_fd_sc_hd__buf_4)
                  0.08    0.45    4.16 v _507_/X (sky130_fd_sc_hd__buf_4)
     1    0.03                           la_data_out[62] (net)
                  0.08    0.00    4.16 v la_data_out[62] (out)
                                  4.16   data arrival time

                  0.15    0.00    0.00   clock wb_clk_i (rise edge)
                          0.00    0.00   clock network delay (ideal)
                          0.25    0.25   clock uncertainty
                          0.00    0.25   clock reconvergence pessimism
                         -3.20   -2.95   output external delay
                                 -2.95   data required time
-----------------------------------------------------------------------------
                                 -2.95   data required time
                                 -4.16   data arrival time
-----------------------------------------------------------------------------
                                  7.11   slack (MET)


Startpoint: wbs_dat_i[29] (input port clocked by wb_clk_i)
Endpoint: la_data_out[61] (output port clocked by wb_clk_i)
Path Group: wb_clk_i
Path Type: min

Fanout     Cap    Slew   Delay    Time   Description
-----------------------------------------------------------------------------
                  0.15    0.00    0.00   clock wb_clk_i (rise edge)
                          0.00    0.00   clock network delay (ideal)
                          3.20    3.20 v input external delay
                  0.91    0.51    3.71 v wbs_dat_i[29] (in)
     5    0.43                           wbs_dat_i[29] (net)
                  0.91    0.00    3.71 v _506_/A (sky130_fd_sc_hd__buf_4)
                  0.08    0.45    4.16 v _506_/X (sky130_fd_sc_hd__buf_4)
     1    0.03                           la_data_out[61] (net)
                  0.08    0.00    4.16 v la_data_out[61] (out)
                                  4.16   data arrival time

                  0.15    0.00    0.00   clock wb_clk_i (rise edge)
                          0.00    0.00   clock network delay (ideal)
                          0.25    0.25   clock uncertainty
                          0.00    0.25   clock reconvergence pessimism
                         -3.20   -2.95   output external delay
                                 -2.95   data required time
-----------------------------------------------------------------------------
                                 -2.95   data required time
                                 -4.16   data arrival time
-----------------------------------------------------------------------------
                                  7.11   slack (MET)


